#
# There is insufficient memory for the Java Runtime Environment to continue.
# Native memory allocation (malloc) failed to allocate 1857936 bytes. Error detail: Chunk::new
# Possible reasons:
#   The system is out of physical RAM or swap space
#   This process is running with CompressedOops enabled, and the Java Heap may be blocking the growth of the native heap
# Possible solutions:
#   Reduce memory load on the system
#   Increase physical memory or swap space
#   Check if swap backing store is full
#   Decrease Java heap size (-Xmx/-Xms)
#   Decrease number of Java threads
#   Decrease Java thread stack sizes (-Xss)
#   Set larger code cache with -XX:ReservedCodeCacheSize=
#   JVM is running with Unscaled Compressed Oops mode in which the Java heap is
#     placed in the first 4GB address space. The Java Heap base address is the
#     maximum limit for the native heap growth. Please use -XX:HeapBaseMinAddress
#     to set the Java Heap base and to place the Java Heap above 4GB virtual address.
# This output file may be truncated or incomplete.
#
#  Out of Memory Error (arena.cpp:168), pid=23400, tid=788
#
# JRE version: OpenJDK Runtime Environment Temurin-21.0.5+11 (21.0.5+11) (build 21.0.5+11-LTS)
# Java VM: OpenJDK 64-Bit Server VM Temurin-21.0.5+11 (21.0.5+11-LTS, mixed mode, sharing, tiered, compressed oops, compressed class ptrs, g1 gc, windows-amd64)
# No core dump will be written. Minidumps are not enabled by default on client versions of Windows
#

---------------  S U M M A R Y ------------

Command Line: -Dfile.encoding=UTF-8 -Dstdout.encoding=UTF-8 -Dstderr.encoding=UTF-8 -XX:+ShowCodeDetailsInExceptionMessages com.kiot.JavaScriptExecutor2

Host: AMD Ryzen 5 7520U with Radeon Graphics         , 8 cores, 7G,  Windows 11 , 64 bit Build 22621 (10.0.22621.4974)
Time: Tue Mar 18 12:15:41 2025 India Standard Time elapsed time: 4.445398 seconds (0d 0h 0m 4s)

---------------  T H R E A D  ---------------

Current thread (0x000001e07d6f5f70):  JavaThread "C2 CompilerThread0" daemon [_thread_in_native, id=788, stack(0x0000001dbc600000,0x0000001dbc700000) (1024K)]


Current CompileTask:
C2:4445 1782       4       java.lang.invoke.MethodType::makeImpl (109 bytes)

Stack: [0x0000001dbc600000,0x0000001dbc700000]
Native frames: (J=compiled Java code, j=interpreted, Vv=VM code, C=native code)
V  [jvm.dll+0x6cd4e9]
V  [jvm.dll+0x8a7941]
V  [jvm.dll+0x8a9e6e]
V  [jvm.dll+0x8aa543]
V  [jvm.dll+0x27f6d6]
V  [jvm.dll+0xc500d]
V  [jvm.dll+0xc5543]
V  [jvm.dll+0x3b65d2]
V  [jvm.dll+0x382835]
V  [jvm.dll+0x381c9a]
V  [jvm.dll+0x2479d0]
V  [jvm.dll+0x246faf]
V  [jvm.dll+0x1c75ce]
V  [jvm.dll+0x25682a]
V  [jvm.dll+0x254dca]
V  [jvm.dll+0x3f00d6]
V  [jvm.dll+0x8514fb]
V  [jvm.dll+0x6cbbed]
C  [ucrtbase.dll+0x29333]
C  [KERNEL32.DLL+0x1259d]
C  [ntdll.dll+0x5af38]


---------------  P R O C E S S  ---------------

Threads class SMR info:
_java_thread_list=0x000001e07ea48a30, length=28, elements={
0x000001e0728442b0, 0x000001e07d6e9060, 0x000001e07d6ec7f0, 0x000001e07d6edbe0,
0x000001e07d6f0640, 0x000001e07d6f3300, 0x000001e07d6f41e0, 0x000001e07d6f5f70,
0x000001e07d71eb30, 0x000001e07d947210, 0x000001e07d951e20, 0x000001e07de0f5e0,
0x000001e07e0fb7f0, 0x000001e07e0c6990, 0x000001e07e0c6ff0, 0x000001e07e0f8620,
0x000001e07e0f9060, 0x000001e07e4460c0, 0x000001e07e8fcf80, 0x000001e07e98d910,
0x000001e07e98f9e0, 0x000001e07e98cbf0, 0x000001e07e98dfa0, 0x000001e07e990070,
0x000001e07e98e630, 0x000001e07e98d280, 0x000001e07e98ecc0, 0x000001e07e98f350
}

Java Threads: ( => current thread )
  0x000001e0728442b0 JavaThread "Forwarding get on session a42d0af90a8b1f85f6077a4004392880 to remote"        [_thread_blocked, id=16472, stack(0x0000001dbb800000,0x0000001dbb900000) (1024K)]
  0x000001e07d6e9060 JavaThread "Reference Handler"          daemon [_thread_blocked, id=21668, stack(0x0000001dbc000000,0x0000001dbc100000) (1024K)]
  0x000001e07d6ec7f0 JavaThread "Finalizer"                  daemon [_thread_blocked, id=21208, stack(0x0000001dbc100000,0x0000001dbc200000) (1024K)]
  0x000001e07d6edbe0 JavaThread "Signal Dispatcher"          daemon [_thread_blocked, id=9964, stack(0x0000001dbc200000,0x0000001dbc300000) (1024K)]
  0x000001e07d6f0640 JavaThread "Attach Listener"            daemon [_thread_blocked, id=7192, stack(0x0000001dbc300000,0x0000001dbc400000) (1024K)]
  0x000001e07d6f3300 JavaThread "Service Thread"             daemon [_thread_blocked, id=24628, stack(0x0000001dbc400000,0x0000001dbc500000) (1024K)]
  0x000001e07d6f41e0 JavaThread "Monitor Deflation Thread"   daemon [_thread_blocked, id=4948, stack(0x0000001dbc500000,0x0000001dbc600000) (1024K)]
=>0x000001e07d6f5f70 JavaThread "C2 CompilerThread0"         daemon [_thread_in_native, id=788, stack(0x0000001dbc600000,0x0000001dbc700000) (1024K)]
  0x000001e07d71eb30 JavaThread "C1 CompilerThread0"         daemon [_thread_blocked, id=18808, stack(0x0000001dbc700000,0x0000001dbc800000) (1024K)]
  0x000001e07d947210 JavaThread "Notification Thread"        daemon [_thread_blocked, id=10180, stack(0x0000001dbc800000,0x0000001dbc900000) (1024K)]
  0x000001e07d951e20 JavaThread "Common-Cleaner"             daemon [_thread_blocked, id=13548, stack(0x0000001dbc900000,0x0000001dbca00000) (1024K)]
  0x000001e07de0f5e0 JavaThread "ForkJoinPool.commonPool-worker-1" daemon [_thread_blocked, id=18480, stack(0x0000001dbca00000,0x0000001dbcb00000) (1024K)]
  0x000001e07e0fb7f0 JavaThread "HttpClient-1-SelectorManager" daemon [_thread_in_native, id=27180, stack(0x0000001dbd200000,0x0000001dbd300000) (1024K)]
  0x000001e07e0c6990 JavaThread "External Process Output Forwarder - C:\Users\kirub\.cache\selenium\chromedriver\win64\134.0.6998.88\chromedriver.exe" daemon [_thread_in_native, id=9576, stack(0x0000001dbd300000,0x0000001dbd400000) (1024K)]
  0x000001e07e0c6ff0 JavaThread "Driver Service Executor"    daemon [_thread_blocked, id=6008, stack(0x0000001dbd400000,0x0000001dbd500000) (1024K)]
  0x000001e07e0f8620 JavaThread "Driver Service Executor"    daemon [_thread_in_native, id=12844, stack(0x0000001dbd500000,0x0000001dbd600000) (1024K)]
  0x000001e07e0f9060 JavaThread "UrlChecker-2"               daemon [_thread_blocked, id=11056, stack(0x0000001dbd600000,0x0000001dbd700000) (1024K)]
  0x000001e07e4460c0 JavaThread "Keep-Alive-Timer"           daemon [_thread_blocked, id=1772, stack(0x0000001dbd800000,0x0000001dbd900000) (1024K)]
  0x000001e07e8fcf80 JavaThread "JdkHttpClient-0-0"          daemon [_thread_blocked, id=20268, stack(0x0000001dbd900000,0x0000001dbda00000) (1024K)]
  0x000001e07e98d910 JavaThread "CompletableFutureDelayScheduler" daemon [_thread_blocked, id=10252, stack(0x0000001dbda00000,0x0000001dbdb00000) (1024K)]
  0x000001e07e98f9e0 JavaThread "JdkHttpClient-0-1"          daemon [_thread_blocked, id=22800, stack(0x0000001dbdb00000,0x0000001dbdc00000) (1024K)]
  0x000001e07e98cbf0 JavaThread "JdkHttpClient-0-2"          daemon [_thread_blocked, id=22152, stack(0x0000001dbdc00000,0x0000001dbdd00000) (1024K)]
  0x000001e07e98dfa0 JavaThread "JdkHttpClient-0-3"          daemon [_thread_blocked, id=24792, stack(0x0000001dbdd00000,0x0000001dbde00000) (1024K)]
  0x000001e07e990070 JavaThread "HttpClient-2-SelectorManager" daemon [_thread_in_native, id=14560, stack(0x0000001dbde00000,0x0000001dbdf00000) (1024K)]
  0x000001e07e98e630 JavaThread "JdkHttpClient-1-0"          daemon [_thread_blocked, id=23624, stack(0x0000001dbdf00000,0x0000001dbe000000) (1024K)]
  0x000001e07e98d280 JavaThread "JdkHttpClient-1-1"          daemon [_thread_blocked, id=14444, stack(0x0000001dbe000000,0x0000001dbe100000) (1024K)]
  0x000001e07e98ecc0 JavaThread "JdkHttpClient-1-2"          daemon [_thread_blocked, id=24736, stack(0x0000001dbe100000,0x0000001dbe200000) (1024K)]
  0x000001e07e98f350 JavaThread "JdkHttpClient-1-3"          daemon [_thread_blocked, id=2688, stack(0x0000001dbe200000,0x0000001dbe300000) (1024K)]
Total: 28

Other Threads:
  0x000001e07d6d40c0 VMThread "VM Thread"                           [id=21348, stack(0x0000001dbbf00000,0x0000001dbc000000) (1024K)]
  0x000001e07d6c3aa0 WatcherThread "VM Periodic Task Thread"        [id=1880, stack(0x0000001dbbe00000,0x0000001dbbf00000) (1024K)]
  0x000001e074aa62f0 WorkerThread "GC Thread#0"                     [id=20928, stack(0x0000001dbb900000,0x0000001dbba00000) (1024K)]
  0x000001e07dec6d80 WorkerThread "GC Thread#1"                     [id=9612, stack(0x0000001dbcb00000,0x0000001dbcc00000) (1024K)]
  0x000001e07dec60e0 WorkerThread "GC Thread#2"                     [id=9444, stack(0x0000001dbcc00000,0x0000001dbcd00000) (1024K)]
  0x000001e07e0d3810 WorkerThread "GC Thread#3"                     [id=17884, stack(0x0000001dbcd00000,0x0000001dbce00000) (1024K)]
  0x000001e07e0d3fc0 WorkerThread "GC Thread#4"                     [id=26980, stack(0x0000001dbce00000,0x0000001dbcf00000) (1024K)]
  0x000001e07e0d4360 WorkerThread "GC Thread#5"                     [id=28652, stack(0x0000001dbcf00000,0x0000001dbd000000) (1024K)]
  0x000001e07e0d4f10 WorkerThread "GC Thread#6"                     [id=17908, stack(0x0000001dbd000000,0x0000001dbd100000) (1024K)]
  0x000001e07e0d52b0 WorkerThread "GC Thread#7"                     [id=22076, stack(0x0000001dbd100000,0x0000001dbd200000) (1024K)]
  0x000001e074ab5a90 ConcurrentGCThread "G1 Main Marker"            [id=19536, stack(0x0000001dbba00000,0x0000001dbbb00000) (1024K)]
  0x000001e074ab6ee0 WorkerThread "G1 Conc#0"                       [id=16876, stack(0x0000001dbbb00000,0x0000001dbbc00000) (1024K)]
  0x000001e074b0e620 ConcurrentGCThread "G1 Refine#0"               [id=24168, stack(0x0000001dbbc00000,0x0000001dbbd00000) (1024K)]
  0x000001e07d5942e0 ConcurrentGCThread "G1 Service"                [id=8056, stack(0x0000001dbbd00000,0x0000001dbbe00000) (1024K)]
Total: 14

Threads with active compile tasks:
C2 CompilerThread0  4490 1782       4       java.lang.invoke.MethodType::makeImpl (109 bytes)
Total: 1

VM state: not at safepoint (normal execution)

VM Mutex/Monitor currently owned by a thread: None

Heap address: 0x000000008c200000, size: 1854 MB, Compressed Oops mode: 32-bit

CDS archive(s) mapped at: [0x000001e00f000000-0x000001e00fc80000-0x000001e00fc80000), size 13107200, SharedBaseAddress: 0x000001e00f000000, ArchiveRelocationMode: 1.
Compressed class space mapped at: 0x000001e010000000-0x000001e050000000, reserved size: 1073741824
Narrow klass base: 0x000001e00f000000, Narrow klass shift: 0, Narrow klass range: 0x100000000

GC Precious Log:
 CardTable entry size: 512
 Card Set container configuration: InlinePtr #cards 5 size 8 Array Of Cards #cards 12 size 40 Howl #buckets 4 coarsen threshold 1843 Howl Bitmap #cards 512 size 80 coarsen threshold 460 Card regions per heap region 1 cards per card region 2048
 CPUs: 8 total, 8 available
 Memory: 7413M
 Large Page Support: Disabled
 NUMA Support: Disabled
 Compressed Oops: Enabled (32-bit)
 Heap Region Size: 1M
 Heap Min Capacity: 8M
 Heap Initial Capacity: 116M
 Heap Max Capacity: 1854M
 Pre-touch: Disabled
 Parallel Workers: 8
 Concurrent Workers: 2
 Concurrent Refinement Workers: 8
 Periodic GC: Disabled

Heap:
 garbage-first heap   total 118784K, used 18560K [0x000000008c200000, 0x0000000100000000)
  region size 1024K, 17 young (17408K), 3 survivors (3072K)
 Metaspace       used 12286K, committed 12608K, reserved 1114112K
  class space    used 1448K, committed 1600K, reserved 1048576K

Heap Regions: E=young(eden), S=young(survivor), O=old, HS=humongous(starts), HC=humongous(continues), CS=collection set, F=free, TAMS=top-at-mark-start, PB=parsable bottom
|   0|0x000000008c200000, 0x000000008c300000, 0x000000008c300000|100%|HS|  |TAMS 0x000000008c200000| PB 0x000000008c200000| Complete 
|   1|0x000000008c300000, 0x000000008c400000, 0x000000008c400000|100%| O|  |TAMS 0x000000008c300000| PB 0x000000008c300000| Untracked 
|   2|0x000000008c400000, 0x000000008c500000, 0x000000008c500000|100%| O|  |TAMS 0x000000008c400000| PB 0x000000008c400000| Untracked 
|   3|0x000000008c500000, 0x000000008c520000, 0x000000008c600000| 12%| O|  |TAMS 0x000000008c500000| PB 0x000000008c500000| Untracked 
|   4|0x000000008c600000, 0x000000008c600000, 0x000000008c700000|  0%| F|  |TAMS 0x000000008c600000| PB 0x000000008c600000| Untracked 
|   5|0x000000008c700000, 0x000000008c700000, 0x000000008c800000|  0%| F|  |TAMS 0x000000008c700000| PB 0x000000008c700000| Untracked 
|   6|0x000000008c800000, 0x000000008c800000, 0x000000008c900000|  0%| F|  |TAMS 0x000000008c800000| PB 0x000000008c800000| Untracked 
|   7|0x000000008c900000, 0x000000008c900000, 0x000000008ca00000|  0%| F|  |TAMS 0x000000008c900000| PB 0x000000008c900000| Untracked 
|   8|0x000000008ca00000, 0x000000008ca00000, 0x000000008cb00000|  0%| F|  |TAMS 0x000000008ca00000| PB 0x000000008ca00000| Untracked 
|   9|0x000000008cb00000, 0x000000008cb00000, 0x000000008cc00000|  0%| F|  |TAMS 0x000000008cb00000| PB 0x000000008cb00000| Untracked 
|  10|0x000000008cc00000, 0x000000008cc00000, 0x000000008cd00000|  0%| F|  |TAMS 0x000000008cc00000| PB 0x000000008cc00000| Untracked 
|  11|0x000000008cd00000, 0x000000008cd00000, 0x000000008ce00000|  0%| F|  |TAMS 0x000000008cd00000| PB 0x000000008cd00000| Untracked 
|  12|0x000000008ce00000, 0x000000008ce00000, 0x000000008cf00000|  0%| F|  |TAMS 0x000000008ce00000| PB 0x000000008ce00000| Untracked 
|  13|0x000000008cf00000, 0x000000008cf00000, 0x000000008d000000|  0%| F|  |TAMS 0x000000008cf00000| PB 0x000000008cf00000| Untracked 
|  14|0x000000008d000000, 0x000000008d000000, 0x000000008d100000|  0%| F|  |TAMS 0x000000008d000000| PB 0x000000008d000000| Untracked 
|  15|0x000000008d100000, 0x000000008d100000, 0x000000008d200000|  0%| F|  |TAMS 0x000000008d100000| PB 0x000000008d100000| Untracked 
|  16|0x000000008d200000, 0x000000008d200000, 0x000000008d300000|  0%| F|  |TAMS 0x000000008d200000| PB 0x000000008d200000| Untracked 
|  17|0x000000008d300000, 0x000000008d300000, 0x000000008d400000|  0%| F|  |TAMS 0x000000008d300000| PB 0x000000008d300000| Untracked 
|  18|0x000000008d400000, 0x000000008d400000, 0x000000008d500000|  0%| F|  |TAMS 0x000000008d400000| PB 0x000000008d400000| Untracked 
|  19|0x000000008d500000, 0x000000008d500000, 0x000000008d600000|  0%| F|  |TAMS 0x000000008d500000| PB 0x000000008d500000| Untracked 
|  20|0x000000008d600000, 0x000000008d600000, 0x000000008d700000|  0%| F|  |TAMS 0x000000008d600000| PB 0x000000008d600000| Untracked 
|  21|0x000000008d700000, 0x000000008d700000, 0x000000008d800000|  0%| F|  |TAMS 0x000000008d700000| PB 0x000000008d700000| Untracked 
|  22|0x000000008d800000, 0x000000008d800000, 0x000000008d900000|  0%| F|  |TAMS 0x000000008d800000| PB 0x000000008d800000| Untracked 
|  23|0x000000008d900000, 0x000000008d900000, 0x000000008da00000|  0%| F|  |TAMS 0x000000008d900000| PB 0x000000008d900000| Untracked 
|  24|0x000000008da00000, 0x000000008da00000, 0x000000008db00000|  0%| F|  |TAMS 0x000000008da00000| PB 0x000000008da00000| Untracked 
|  25|0x000000008db00000, 0x000000008db00000, 0x000000008dc00000|  0%| F|  |TAMS 0x000000008db00000| PB 0x000000008db00000| Untracked 
|  26|0x000000008dc00000, 0x000000008dc00000, 0x000000008dd00000|  0%| F|  |TAMS 0x000000008dc00000| PB 0x000000008dc00000| Untracked 
|  27|0x000000008dd00000, 0x000000008dd00000, 0x000000008de00000|  0%| F|  |TAMS 0x000000008dd00000| PB 0x000000008dd00000| Untracked 
|  28|0x000000008de00000, 0x000000008de00000, 0x000000008df00000|  0%| F|  |TAMS 0x000000008de00000| PB 0x000000008de00000| Untracked 
|  29|0x000000008df00000, 0x000000008df00000, 0x000000008e000000|  0%| F|  |TAMS 0x000000008df00000| PB 0x000000008df00000| Untracked 
|  30|0x000000008e000000, 0x000000008e000000, 0x000000008e100000|  0%| F|  |TAMS 0x000000008e000000| PB 0x000000008e000000| Untracked 
|  31|0x000000008e100000, 0x000000008e100000, 0x000000008e200000|  0%| F|  |TAMS 0x000000008e100000| PB 0x000000008e100000| Untracked 
|  32|0x000000008e200000, 0x000000008e200000, 0x000000008e300000|  0%| F|  |TAMS 0x000000008e200000| PB 0x000000008e200000| Untracked 
|  33|0x000000008e300000, 0x000000008e300000, 0x000000008e400000|  0%| F|  |TAMS 0x000000008e300000| PB 0x000000008e300000| Untracked 
|  34|0x000000008e400000, 0x000000008e400000, 0x000000008e500000|  0%| F|  |TAMS 0x000000008e400000| PB 0x000000008e400000| Untracked 
|  35|0x000000008e500000, 0x000000008e500000, 0x000000008e600000|  0%| F|  |TAMS 0x000000008e500000| PB 0x000000008e500000| Untracked 
|  36|0x000000008e600000, 0x000000008e600000, 0x000000008e700000|  0%| F|  |TAMS 0x000000008e600000| PB 0x000000008e600000| Untracked 
|  37|0x000000008e700000, 0x000000008e700000, 0x000000008e800000|  0%| F|  |TAMS 0x000000008e700000| PB 0x000000008e700000| Untracked 
|  38|0x000000008e800000, 0x000000008e800000, 0x000000008e900000|  0%| F|  |TAMS 0x000000008e800000| PB 0x000000008e800000| Untracked 
|  39|0x000000008e900000, 0x000000008e900000, 0x000000008ea00000|  0%| F|  |TAMS 0x000000008e900000| PB 0x000000008e900000| Untracked 
|  40|0x000000008ea00000, 0x000000008ea00000, 0x000000008eb00000|  0%| F|  |TAMS 0x000000008ea00000| PB 0x000000008ea00000| Untracked 
|  41|0x000000008eb00000, 0x000000008eb00000, 0x000000008ec00000|  0%| F|  |TAMS 0x000000008eb00000| PB 0x000000008eb00000| Untracked 
|  42|0x000000008ec00000, 0x000000008ec00000, 0x000000008ed00000|  0%| F|  |TAMS 0x000000008ec00000| PB 0x000000008ec00000| Untracked 
|  43|0x000000008ed00000, 0x000000008ed00000, 0x000000008ee00000|  0%| F|  |TAMS 0x000000008ed00000| PB 0x000000008ed00000| Untracked 
|  44|0x000000008ee00000, 0x000000008ee00000, 0x000000008ef00000|  0%| F|  |TAMS 0x000000008ee00000| PB 0x000000008ee00000| Untracked 
|  45|0x000000008ef00000, 0x000000008ef00000, 0x000000008f000000|  0%| F|  |TAMS 0x000000008ef00000| PB 0x000000008ef00000| Untracked 
|  46|0x000000008f000000, 0x000000008f000000, 0x000000008f100000|  0%| F|  |TAMS 0x000000008f000000| PB 0x000000008f000000| Untracked 
|  47|0x000000008f100000, 0x000000008f100000, 0x000000008f200000|  0%| F|  |TAMS 0x000000008f100000| PB 0x000000008f100000| Untracked 
|  48|0x000000008f200000, 0x000000008f200000, 0x000000008f300000|  0%| F|  |TAMS 0x000000008f200000| PB 0x000000008f200000| Untracked 
|  49|0x000000008f300000, 0x000000008f300000, 0x000000008f400000|  0%| F|  |TAMS 0x000000008f300000| PB 0x000000008f300000| Untracked 
|  50|0x000000008f400000, 0x000000008f400000, 0x000000008f500000|  0%| F|  |TAMS 0x000000008f400000| PB 0x000000008f400000| Untracked 
|  51|0x000000008f500000, 0x000000008f500000, 0x000000008f600000|  0%| F|  |TAMS 0x000000008f500000| PB 0x000000008f500000| Untracked 
|  52|0x000000008f600000, 0x000000008f600000, 0x000000008f700000|  0%| F|  |TAMS 0x000000008f600000| PB 0x000000008f600000| Untracked 
|  53|0x000000008f700000, 0x000000008f700000, 0x000000008f800000|  0%| F|  |TAMS 0x000000008f700000| PB 0x000000008f700000| Untracked 
|  54|0x000000008f800000, 0x000000008f800000, 0x000000008f900000|  0%| F|  |TAMS 0x000000008f800000| PB 0x000000008f800000| Untracked 
|  55|0x000000008f900000, 0x000000008f900000, 0x000000008fa00000|  0%| F|  |TAMS 0x000000008f900000| PB 0x000000008f900000| Untracked 
|  56|0x000000008fa00000, 0x000000008fa00000, 0x000000008fb00000|  0%| F|  |TAMS 0x000000008fa00000| PB 0x000000008fa00000| Untracked 
|  57|0x000000008fb00000, 0x000000008fb00000, 0x000000008fc00000|  0%| F|  |TAMS 0x000000008fb00000| PB 0x000000008fb00000| Untracked 
|  58|0x000000008fc00000, 0x000000008fc00000, 0x000000008fd00000|  0%| F|  |TAMS 0x000000008fc00000| PB 0x000000008fc00000| Untracked 
|  59|0x000000008fd00000, 0x000000008fd00000, 0x000000008fe00000|  0%| F|  |TAMS 0x000000008fd00000| PB 0x000000008fd00000| Untracked 
|  60|0x000000008fe00000, 0x000000008fe00000, 0x000000008ff00000|  0%| F|  |TAMS 0x000000008fe00000| PB 0x000000008fe00000| Untracked 
|  61|0x000000008ff00000, 0x000000008ff00000, 0x0000000090000000|  0%| F|  |TAMS 0x000000008ff00000| PB 0x000000008ff00000| Untracked 
|  62|0x0000000090000000, 0x0000000090000000, 0x0000000090100000|  0%| F|  |TAMS 0x0000000090000000| PB 0x0000000090000000| Untracked 
|  63|0x0000000090100000, 0x0000000090100000, 0x0000000090200000|  0%| F|  |TAMS 0x0000000090100000| PB 0x0000000090100000| Untracked 
|  64|0x0000000090200000, 0x0000000090200000, 0x0000000090300000|  0%| F|  |TAMS 0x0000000090200000| PB 0x0000000090200000| Untracked 
|  65|0x0000000090300000, 0x0000000090300000, 0x0000000090400000|  0%| F|  |TAMS 0x0000000090300000| PB 0x0000000090300000| Untracked 
|  66|0x0000000090400000, 0x0000000090400000, 0x0000000090500000|  0%| F|  |TAMS 0x0000000090400000| PB 0x0000000090400000| Untracked 
|  67|0x0000000090500000, 0x0000000090500000, 0x0000000090600000|  0%| F|  |TAMS 0x0000000090500000| PB 0x0000000090500000| Untracked 
|  68|0x0000000090600000, 0x0000000090600000, 0x0000000090700000|  0%| F|  |TAMS 0x0000000090600000| PB 0x0000000090600000| Untracked 
|  69|0x0000000090700000, 0x0000000090700000, 0x0000000090800000|  0%| F|  |TAMS 0x0000000090700000| PB 0x0000000090700000| Untracked 
|  70|0x0000000090800000, 0x0000000090800000, 0x0000000090900000|  0%| F|  |TAMS 0x0000000090800000| PB 0x0000000090800000| Untracked 
|  71|0x0000000090900000, 0x0000000090900000, 0x0000000090a00000|  0%| F|  |TAMS 0x0000000090900000| PB 0x0000000090900000| Untracked 
|  72|0x0000000090a00000, 0x0000000090a00000, 0x0000000090b00000|  0%| F|  |TAMS 0x0000000090a00000| PB 0x0000000090a00000| Untracked 
|  73|0x0000000090b00000, 0x0000000090b00000, 0x0000000090c00000|  0%| F|  |TAMS 0x0000000090b00000| PB 0x0000000090b00000| Untracked 
|  74|0x0000000090c00000, 0x0000000090c00000, 0x0000000090d00000|  0%| F|  |TAMS 0x0000000090c00000| PB 0x0000000090c00000| Untracked 
|  75|0x0000000090d00000, 0x0000000090d00000, 0x0000000090e00000|  0%| F|  |TAMS 0x0000000090d00000| PB 0x0000000090d00000| Untracked 
|  76|0x0000000090e00000, 0x0000000090e00000, 0x0000000090f00000|  0%| F|  |TAMS 0x0000000090e00000| PB 0x0000000090e00000| Untracked 
|  77|0x0000000090f00000, 0x0000000090f00000, 0x0000000091000000|  0%| F|  |TAMS 0x0000000090f00000| PB 0x0000000090f00000| Untracked 
|  78|0x0000000091000000, 0x0000000091000000, 0x0000000091100000|  0%| F|  |TAMS 0x0000000091000000| PB 0x0000000091000000| Untracked 
|  79|0x0000000091100000, 0x0000000091100000, 0x0000000091200000|  0%| F|  |TAMS 0x0000000091100000| PB 0x0000000091100000| Untracked 
|  80|0x0000000091200000, 0x0000000091200000, 0x0000000091300000|  0%| F|  |TAMS 0x0000000091200000| PB 0x0000000091200000| Untracked 
|  81|0x0000000091300000, 0x0000000091300000, 0x0000000091400000|  0%| F|  |TAMS 0x0000000091300000| PB 0x0000000091300000| Untracked 
|  82|0x0000000091400000, 0x0000000091400000, 0x0000000091500000|  0%| F|  |TAMS 0x0000000091400000| PB 0x0000000091400000| Untracked 
|  83|0x0000000091500000, 0x0000000091500000, 0x0000000091600000|  0%| F|  |TAMS 0x0000000091500000| PB 0x0000000091500000| Untracked 
|  84|0x0000000091600000, 0x0000000091600000, 0x0000000091700000|  0%| F|  |TAMS 0x0000000091600000| PB 0x0000000091600000| Untracked 
|  85|0x0000000091700000, 0x0000000091700000, 0x0000000091800000|  0%| F|  |TAMS 0x0000000091700000| PB 0x0000000091700000| Untracked 
|  86|0x0000000091800000, 0x0000000091800000, 0x0000000091900000|  0%| F|  |TAMS 0x0000000091800000| PB 0x0000000091800000| Untracked 
|  87|0x0000000091900000, 0x0000000091900000, 0x0000000091a00000|  0%| F|  |TAMS 0x0000000091900000| PB 0x0000000091900000| Untracked 
|  88|0x0000000091a00000, 0x0000000091a00000, 0x0000000091b00000|  0%| F|  |TAMS 0x0000000091a00000| PB 0x0000000091a00000| Untracked 
|  89|0x0000000091b00000, 0x0000000091b00000, 0x0000000091c00000|  0%| F|  |TAMS 0x0000000091b00000| PB 0x0000000091b00000| Untracked 
|  90|0x0000000091c00000, 0x0000000091d00000, 0x0000000091d00000|100%| S|CS|TAMS 0x0000000091c00000| PB 0x0000000091c00000| Complete 
|  91|0x0000000091d00000, 0x0000000091e00000, 0x0000000091e00000|100%| S|CS|TAMS 0x0000000091d00000| PB 0x0000000091d00000| Complete 
|  92|0x0000000091e00000, 0x0000000091f00000, 0x0000000091f00000|100%| S|CS|TAMS 0x0000000091e00000| PB 0x0000000091e00000| Complete 
|  93|0x0000000091f00000, 0x0000000091f00000, 0x0000000092000000|  0%| F|  |TAMS 0x0000000091f00000| PB 0x0000000091f00000| Untracked 
|  94|0x0000000092000000, 0x0000000092000000, 0x0000000092100000|  0%| F|  |TAMS 0x0000000092000000| PB 0x0000000092000000| Untracked 
|  95|0x0000000092100000, 0x0000000092100000, 0x0000000092200000|  0%| F|  |TAMS 0x0000000092100000| PB 0x0000000092100000| Untracked 
|  96|0x0000000092200000, 0x0000000092200000, 0x0000000092300000|  0%| F|  |TAMS 0x0000000092200000| PB 0x0000000092200000| Untracked 
|  97|0x0000000092300000, 0x0000000092300000, 0x0000000092400000|  0%| F|  |TAMS 0x0000000092300000| PB 0x0000000092300000| Untracked 
|  98|0x0000000092400000, 0x0000000092400000, 0x0000000092500000|  0%| F|  |TAMS 0x0000000092400000| PB 0x0000000092400000| Untracked 
|  99|0x0000000092500000, 0x0000000092500000, 0x0000000092600000|  0%| F|  |TAMS 0x0000000092500000| PB 0x0000000092500000| Untracked 
| 100|0x0000000092600000, 0x0000000092600000, 0x0000000092700000|  0%| F|  |TAMS 0x0000000092600000| PB 0x0000000092600000| Untracked 
| 101|0x0000000092700000, 0x0000000092700000, 0x0000000092800000|  0%| F|  |TAMS 0x0000000092700000| PB 0x0000000092700000| Untracked 
| 102|0x0000000092800000, 0x0000000092900000, 0x0000000092900000|100%| E|  |TAMS 0x0000000092800000| PB 0x0000000092800000| Complete 
| 103|0x0000000092900000, 0x0000000092a00000, 0x0000000092a00000|100%| E|CS|TAMS 0x0000000092900000| PB 0x0000000092900000| Complete 
| 104|0x0000000092a00000, 0x0000000092b00000, 0x0000000092b00000|100%| E|CS|TAMS 0x0000000092a00000| PB 0x0000000092a00000| Complete 
| 105|0x0000000092b00000, 0x0000000092c00000, 0x0000000092c00000|100%| E|CS|TAMS 0x0000000092b00000| PB 0x0000000092b00000| Complete 
| 106|0x0000000092c00000, 0x0000000092d00000, 0x0000000092d00000|100%| E|CS|TAMS 0x0000000092c00000| PB 0x0000000092c00000| Complete 
| 107|0x0000000092d00000, 0x0000000092e00000, 0x0000000092e00000|100%| E|CS|TAMS 0x0000000092d00000| PB 0x0000000092d00000| Complete 
| 108|0x0000000092e00000, 0x0000000092f00000, 0x0000000092f00000|100%| E|CS|TAMS 0x0000000092e00000| PB 0x0000000092e00000| Complete 
| 109|0x0000000092f00000, 0x0000000093000000, 0x0000000093000000|100%| E|CS|TAMS 0x0000000092f00000| PB 0x0000000092f00000| Complete 
| 110|0x0000000093000000, 0x0000000093100000, 0x0000000093100000|100%| E|CS|TAMS 0x0000000093000000| PB 0x0000000093000000| Complete 
| 111|0x0000000093100000, 0x0000000093200000, 0x0000000093200000|100%| E|  |TAMS 0x0000000093100000| PB 0x0000000093100000| Complete 
| 112|0x0000000093200000, 0x0000000093300000, 0x0000000093300000|100%| E|CS|TAMS 0x0000000093200000| PB 0x0000000093200000| Complete 
| 113|0x0000000093300000, 0x0000000093400000, 0x0000000093400000|100%| E|CS|TAMS 0x0000000093300000| PB 0x0000000093300000| Complete 
| 114|0x0000000093400000, 0x0000000093500000, 0x0000000093500000|100%| E|CS|TAMS 0x0000000093400000| PB 0x0000000093400000| Complete 
| 115|0x0000000093500000, 0x0000000093600000, 0x0000000093600000|100%| E|CS|TAMS 0x0000000093500000| PB 0x0000000093500000| Complete 

Card table byte_map: [0x000001e078c30000,0x000001e078fd0000] _byte_map_base: 0x000001e0787cf000

Marking Bits: (CMBitMap*) 0x000001e074aa69f0
 Bits: [0x000001e078fd0000, 0x000001e07acc8000)

Polling page: 0x000001e0729e0000

Metaspace:

Usage:
  Non-class:     10.58 MB used.
      Class:      1.42 MB used.
       Both:     12.00 MB used.

Virtual space:
  Non-class space:       64.00 MB reserved,      10.75 MB ( 17%) committed,  1 nodes.
      Class space:        1.00 GB reserved,       1.56 MB ( <1%) committed,  1 nodes.
             Both:        1.06 GB reserved,      12.31 MB (  1%) committed. 

Chunk freelists:
   Non-Class:  5.28 MB
       Class:  14.38 MB
        Both:  19.66 MB

MaxMetaspaceSize: unlimited
CompressedClassSpaceSize: 1.00 GB
Initial GC threshold: 21.00 MB
Current GC threshold: 21.00 MB
CDS: on
 - commit_granule_bytes: 65536.
 - commit_granule_words: 8192.
 - virtual_space_node_default_size: 8388608.
 - enlarge_chunks_in_place: 1.
 - use_allocation_guard: 0.


Internal statistics:

num_allocs_failed_limit: 0.
num_arena_births: 336.
num_arena_deaths: 0.
num_vsnodes_births: 2.
num_vsnodes_deaths: 0.
num_space_committed: 197.
num_space_uncommitted: 0.
num_chunks_returned_to_freelist: 0.
num_chunks_taken_from_freelist: 624.
num_chunk_merges: 0.
num_chunk_splits: 367.
num_chunks_enlarged: 201.
num_inconsistent_stats: 0.

CodeHeap 'non-profiled nmethods': size=120000Kb used=566Kb max_used=566Kb free=119434Kb
 bounds [0x000001e007ad0000, 0x000001e007d40000, 0x000001e00f000000]
CodeHeap 'profiled nmethods': size=120000Kb used=3534Kb max_used=3534Kb free=116465Kb
 bounds [0x000001e000000000, 0x000001e000380000, 0x000001e007530000]
CodeHeap 'non-nmethods': size=5760Kb used=1456Kb max_used=1460Kb free=4303Kb
 bounds [0x000001e007530000, 0x000001e0077a0000, 0x000001e007ad0000]
 total_blobs=2416 nmethods=1874 adapters=446
 compilation: enabled
              stopped_count=0, restarted_count=0
 full_count=0

Compilation events (20 events):
Event: 4.251 Thread 0x000001e07d71eb30 1876       2       java.lang.String::<init> (99 bytes)
Event: 4.253 Thread 0x000001e07d71eb30 nmethod 1876 0x000001e00036bb10 code [0x000001e00036be00, 0x000001e00036c9e8]
Event: 4.253 Thread 0x000001e07d71eb30 1872       3       sun.net.www.protocol.jar.Handler::indexOfBangSlash (52 bytes)
Event: 4.255 Thread 0x000001e07d71eb30 nmethod 1872 0x000001e00036cf90 code [0x000001e00036d200, 0x000001e00036dca8]
Event: 4.255 Thread 0x000001e07d71eb30 1873       3       sun.net.www.protocol.jar.Handler::canonicalizeString (72 bytes)
Event: 4.256 Thread 0x000001e07d71eb30 nmethod 1873 0x000001e00036e090 code [0x000001e00036e380, 0x000001e00036f158]
Event: 4.256 Thread 0x000001e07d71eb30 1874       3       java.net.URLStreamHandler::setURL (159 bytes)
Event: 4.259 Thread 0x000001e07d71eb30 nmethod 1874 0x000001e00036f790 code [0x000001e00036fb20, 0x000001e000370f88]
Event: 4.259 Thread 0x000001e07d71eb30 1877       3       java.util.stream.AbstractPipeline::evaluate (94 bytes)
Event: 4.259 Thread 0x000001e07d71eb30 nmethod 1877 0x000001e000371810 code [0x000001e000371a40, 0x000001e0003720e0]
Event: 4.259 Thread 0x000001e07d71eb30 1878       3       java.util.Collections$UnmodifiableMap::get (11 bytes)
Event: 4.260 Thread 0x000001e07d71eb30 nmethod 1878 0x000001e000372310 code [0x000001e0003724c0, 0x000001e000372698]
Event: 4.260 Thread 0x000001e07d71eb30 1875  s    3       java.util.jar.JarFile::getInputStream (88 bytes)
Event: 4.261 Thread 0x000001e07d71eb30 nmethod 1875 0x000001e000372790 code [0x000001e000372a00, 0x000001e0003731d8]
Event: 4.265 Thread 0x000001e07d71eb30 1879       1       java.util.TreeMap::size (5 bytes)
Event: 4.266 Thread 0x000001e07d71eb30 nmethod 1879 0x000001e007b5d510 code [0x000001e007b5d6a0, 0x000001e007b5d768]
Event: 4.266 Thread 0x000001e07d71eb30 1880       3       java.util.TreeMap$PrivateEntryIterator::hasNext (13 bytes)
Event: 4.266 Thread 0x000001e07d71eb30 nmethod 1880 0x000001e000373410 code [0x000001e0003735a0, 0x000001e000373700]
Event: 4.267 Thread 0x000001e07d71eb30 1881       3       java.util.concurrent.atomic.AtomicLong::incrementAndGet (14 bytes)
Event: 4.267 Thread 0x000001e07d71eb30 nmethod 1881 0x000001e000373790 code [0x000001e000373920, 0x000001e000373a48]

GC Heap History (2 events):
Event: 2.128 GC heap before
{Heap before GC invocations=0 (full 0):
 garbage-first heap   total 118784K, used 23552K [0x000000008c200000, 0x0000000100000000)
  region size 1024K, 23 young (23552K), 0 survivors (0K)
 Metaspace       used 8184K, committed 8384K, reserved 1114112K
  class space    used 909K, committed 1024K, reserved 1048576K
}
Event: 2.144 GC heap after
{Heap after GC invocations=1 (full 0):
 garbage-first heap   total 118784K, used 6272K [0x000000008c200000, 0x0000000100000000)
  region size 1024K, 3 young (3072K), 3 survivors (3072K)
 Metaspace       used 8184K, committed 8384K, reserved 1114112K
  class space    used 909K, committed 1024K, reserved 1048576K
}

Dll operation events (8 events):
Event: 0.019 Loaded shared library C:\Users\kirub\eclipse-java-2024-12-R-win32-x86_64\eclipse\plugins\org.eclipse.justj.openjdk.hotspot.jre.full.win32.x86_64_21.0.5.v20241023-1957\jre\bin\java.dll
Event: 0.086 Loaded shared library C:\Users\kirub\eclipse-java-2024-12-R-win32-x86_64\eclipse\plugins\org.eclipse.justj.openjdk.hotspot.jre.full.win32.x86_64_21.0.5.v20241023-1957\jre\bin\zip.dll
Event: 0.212 Loaded shared library C:\Users\kirub\eclipse-java-2024-12-R-win32-x86_64\eclipse\plugins\org.eclipse.justj.openjdk.hotspot.jre.full.win32.x86_64_21.0.5.v20241023-1957\jre\bin\net.dll
Event: 0.217 Loaded shared library C:\Users\kirub\eclipse-java-2024-12-R-win32-x86_64\eclipse\plugins\org.eclipse.justj.openjdk.hotspot.jre.full.win32.x86_64_21.0.5.v20241023-1957\jre\bin\nio.dll
Event: 0.224 Loaded shared library C:\Users\kirub\eclipse-java-2024-12-R-win32-x86_64\eclipse\plugins\org.eclipse.justj.openjdk.hotspot.jre.full.win32.x86_64_21.0.5.v20241023-1957\jre\bin\zip.dll
Event: 0.363 Loaded shared library C:\Users\kirub\eclipse-java-2024-12-R-win32-x86_64\eclipse\plugins\org.eclipse.justj.openjdk.hotspot.jre.full.win32.x86_64_21.0.5.v20241023-1957\jre\bin\jimage.dll
Event: 0.487 Loaded shared library C:\Users\kirub\eclipse-java-2024-12-R-win32-x86_64\eclipse\plugins\org.eclipse.justj.openjdk.hotspot.jre.full.win32.x86_64_21.0.5.v20241023-1957\jre\bin\extnet.dll
Event: 1.714 Loaded shared library C:\Users\kirub\eclipse-java-2024-12-R-win32-x86_64\eclipse\plugins\org.eclipse.justj.openjdk.hotspot.jre.full.win32.x86_64_21.0.5.v20241023-1957\jre\bin\sunmscapi.dll

Deoptimization events (20 events):
Event: 2.809 Thread 0x000001e07e98f9e0 Uncommon trap: trap_request=0xffffffde fr.pc=0x000001e007b50f44 relative=0x0000000000000124
Event: 2.809 Thread 0x000001e07e98f9e0 Uncommon trap: reason=class_check action=maybe_recompile pc=0x000001e007b50f44 method=jdk.internal.misc.Unsafe.allocateUninitializedArray(Ljava/lang/Class;I)Ljava/lang/Object; @ 51 c2
Event: 2.809 Thread 0x000001e07e98f9e0 DEOPT PACKING pc=0x000001e007b50f44 sp=0x0000001dbdbfd010
Event: 2.809 Thread 0x000001e07e98f9e0 DEOPT UNPACKING pc=0x000001e0075846a2 sp=0x0000001dbdbfcf88 mode 2
Event: 2.809 Thread 0x000001e07e98f9e0 Uncommon trap: trap_request=0xffffffde fr.pc=0x000001e007b50f44 relative=0x0000000000000124
Event: 2.809 Thread 0x000001e07e98f9e0 Uncommon trap: reason=class_check action=maybe_recompile pc=0x000001e007b50f44 method=jdk.internal.misc.Unsafe.allocateUninitializedArray(Ljava/lang/Class;I)Ljava/lang/Object; @ 51 c2
Event: 2.809 Thread 0x000001e07e98f9e0 DEOPT PACKING pc=0x000001e007b50f44 sp=0x0000001dbdbfcf80
Event: 2.809 Thread 0x000001e07e98f9e0 DEOPT UNPACKING pc=0x000001e0075846a2 sp=0x0000001dbdbfcef8 mode 2
Event: 2.809 Thread 0x000001e07e98f9e0 Uncommon trap: trap_request=0xffffffde fr.pc=0x000001e007b50f44 relative=0x0000000000000124
Event: 2.809 Thread 0x000001e07e98f9e0 Uncommon trap: reason=class_check action=maybe_recompile pc=0x000001e007b50f44 method=jdk.internal.misc.Unsafe.allocateUninitializedArray(Ljava/lang/Class;I)Ljava/lang/Object; @ 51 c2
Event: 2.809 Thread 0x000001e07e98f9e0 DEOPT PACKING pc=0x000001e007b50f44 sp=0x0000001dbdbfcf20
Event: 2.809 Thread 0x000001e07e98f9e0 DEOPT UNPACKING pc=0x000001e0075846a2 sp=0x0000001dbdbfce98 mode 2
Event: 3.977 Thread 0x000001e0728442b0 DEOPT PACKING pc=0x000001e0000431f9 sp=0x0000001dbb8fabb0
Event: 3.977 Thread 0x000001e0728442b0 DEOPT UNPACKING pc=0x000001e007584e42 sp=0x0000001dbb8fa020 mode 0
Event: 4.100 Thread 0x000001e0728442b0 DEOPT PACKING pc=0x000001e000031143 sp=0x0000001dbb8f9bf0
Event: 4.101 Thread 0x000001e0728442b0 DEOPT UNPACKING pc=0x000001e007584e42 sp=0x0000001dbb8f9068 mode 0
Event: 4.219 Thread 0x000001e0728442b0 Uncommon trap: trap_request=0xffffff45 fr.pc=0x000001e007b1de74 relative=0x0000000000000054
Event: 4.219 Thread 0x000001e0728442b0 Uncommon trap: reason=unstable_if action=reinterpret pc=0x000001e007b1de74 method=java.lang.CharacterData.of(I)Ljava/lang/CharacterData; @ 4 c2
Event: 4.219 Thread 0x000001e0728442b0 DEOPT PACKING pc=0x000001e007b1de74 sp=0x0000001dbb8fe5d0
Event: 4.219 Thread 0x000001e0728442b0 DEOPT UNPACKING pc=0x000001e0075846a2 sp=0x0000001dbb8fe570 mode 2

Classes loaded (20 events):
Event: 4.226 Loading class java/util/ResourceBundle$CacheKeyReference done
Event: 4.226 Loading class java/util/ResourceBundle$KeyElementReference done
Event: 4.227 Loading class java/util/ResourceBundle$3
Event: 4.227 Loading class java/util/ResourceBundle$3 done
Event: 4.228 Loading class sun/util/logging/resources/logging
Event: 4.228 Loading class sun/util/logging/resources/logging done
Event: 4.228 Loading class java/util/ResourceBundle$BundleReference
Event: 4.229 Loading class java/util/ResourceBundle$BundleReference done
Event: 4.229 Loading class sun/util/logging/resources/logging_en
Event: 4.229 Loading class sun/util/logging/resources/logging_en done
Event: 4.229 Loading class sun/util/logging/resources/logging_en
Event: 4.229 Loading class sun/util/logging/resources/logging_en done
Event: 4.232 Loading class sun/util/logging/resources/logging_en_IN
Event: 4.232 Loading class sun/util/logging/resources/logging_en_IN done
Event: 4.232 Loading class sun/util/logging/resources/logging_en_IN
Event: 4.232 Loading class sun/util/logging/resources/logging_en_IN done
Event: 4.232 Loading class java/util/Formatter$DateTime
Event: 4.233 Loading class java/util/Formatter$DateTime done
Event: 4.234 Loading class java/time/ZonedDateTime$1
Event: 4.234 Loading class java/time/ZonedDateTime$1 done

Classes unloaded (0 events):
No events

Classes redefined (0 events):
No events

Internal exceptions (20 events):
Event: 1.785 Thread 0x000001e0728442b0 Exception <a 'sun/nio/fs/WindowsException'{0x0000000092819010}> (0x0000000092819010) 
thrown [s\src\hotspot\share\prims\jni.cpp, line 520]
Event: 1.883 Thread 0x000001e0728442b0 Exception <a 'java/lang/NoSuchMethodError'{0x0000000092678f18}: 'void java.lang.invoke.DirectMethodHandle$Holder.invokeVirtual(java.lang.Object, java.lang.Object)'> (0x0000000092678f18) 
thrown [s\src\hotspot\share\interpreter\linkResolver.cpp, line 773]
Event: 2.006 Thread 0x000001e0728442b0 Exception <a 'java/lang/NoSuchMethodError'{0x0000000092068888}: 'java.lang.Object java.lang.invoke.DirectMethodHandle$Holder.invokeStaticInit(java.lang.Object, int, int, int, int)'> (0x0000000092068888) 
thrown [s\src\hotspot\share\interpreter\linkResolver.cpp, line 773]
Event: 2.047 Thread 0x000001e0728442b0 Exception <a 'java/lang/NoSuchMethodError'{0x0000000091f2ecc0}: 'java.lang.Object java.lang.invoke.DirectMethodHandle$Holder.invokeStaticInit(java.lang.Object, java.lang.Object, int, int, int, int)'> (0x0000000091f2ecc0) 
thrown [s\src\hotspot\share\interpreter\linkResolver.cpp, line 773]
Event: 2.219 Thread 0x000001e0728442b0 Exception <a 'java/lang/NoSuchMethodError'{0x0000000093495d08}: 'java.lang.Object java.lang.invoke.DirectMethodHandle$Holder.invokeInterface(java.lang.Object, java.lang.Object, java.lang.Object)'> (0x0000000093495d08) 
thrown [s\src\hotspot\share\interpreter\linkResolver.cpp, line 773]
Event: 2.220 Thread 0x000001e0728442b0 Exception <a 'java/lang/IncompatibleClassChangeError'{0x0000000093499110}: Found class java.lang.Object, but interface was expected> (0x0000000093499110) 
thrown [s\src\hotspot\share\interpreter\linkResolver.cpp, line 840]
Event: 2.222 Thread 0x000001e0728442b0 Exception <a 'java/lang/NoSuchMethodError'{0x00000000934a0740}: 'int java.lang.invoke.DirectMethodHandle$Holder.invokeSpecialIFC(java.lang.Object, java.lang.Object, java.lang.Object, java.lang.Object)'> (0x00000000934a0740) 
thrown [s\src\hotspot\share\interpreter\linkResolver.cpp, line 773]
Event: 2.230 Thread 0x000001e0728442b0 Exception <a 'java/lang/NoSuchMethodError'{0x00000000934c2b50}: 'java.lang.Object java.lang.invoke.DirectMethodHandle$Holder.invokeVirtual(java.lang.Object, java.lang.Object, java.lang.Object, java.lang.Object)'> (0x00000000934c2b50) 
thrown [s\src\hotspot\share\interpreter\linkResolver.cpp, line 773]
Event: 2.483 Thread 0x000001e07e0f9060 Exception <a 'java/net/ConnectException'{0x000000009332ed70}: Connection refused: getsockopt> (0x000000009332ed70) 
thrown [s\src\hotspot\share\prims\jni.cpp, line 539]
Event: 2.505 Thread 0x000001e07e0f9060 Exception <a 'java/net/ConnectException'{0x000000009332fec0}: Connection refused: getsockopt> (0x000000009332fec0) 
thrown [s\src\hotspot\share\prims\jni.cpp, line 539]
Event: 2.607 Thread 0x000001e0728442b0 Exception <a 'java/lang/NoSuchMethodError'{0x00000000933f6878}: 'java.lang.Object java.lang.invoke.DirectMethodHandle$Holder.newInvokeSpecial(java.lang.Object, java.lang.Object, int, int)'> (0x00000000933f6878) 
thrown [s\src\hotspot\share\interpreter\linkResolver.cpp, line 773]
Event: 2.611 Thread 0x000001e0728442b0 Exception <a 'java/lang/NoSuchMethodError'{0x0000000093201360}: 'void java.lang.invoke.DirectMethodHandle$Holder.invokeStatic(java.lang.Object, java.lang.Object, int)'> (0x0000000093201360) 
thrown [s\src\hotspot\share\interpreter\linkResolver.cpp, line 773]
Event: 2.637 Thread 0x000001e0728442b0 Exception <a 'java/lang/NoSuchMethodError'{0x000000009327ca28}: 'java.lang.Object java.lang.invoke.DirectMethodHandle$Holder.newInvokeSpecial(java.lang.Object, java.lang.Object, java.lang.Object, java.lang.Object, java.lang.Object)'> (0x000000009327ca28) 
thrown [s\src\hotspot\share\interpreter\linkResolver.cpp, line 773]
Event: 2.730 Thread 0x000001e07e8fcf80 Exception <a 'java/lang/NoSuchMethodError'{0x00000000930d4a60}: 'java.lang.Object java.lang.invoke.DirectMethodHandle$Holder.invokeSpecial(java.lang.Object, java.lang.Object, java.lang.Object, java.lang.Object, int)'> (0x00000000930d4a60) 
thrown [s\src\hotspot\share\interpreter\linkResolver.cpp, line 773]
Event: 2.731 Thread 0x000001e07e8fcf80 Exception <a 'java/lang/NoSuchMethodError'{0x00000000930d83c8}: 'java.lang.Object java.lang.invoke.Invokers$Holder.linkToTargetMethod(java.lang.Object, java.lang.Object, int, java.lang.Object)'> (0x00000000930d83c8) 
thrown [s\src\hotspot\share\interpreter\linkResolver.cpp, line 773]
Event: 2.744 Thread 0x000001e07e8fcf80 Exception <a 'java/lang/NoSuchMethodError'{0x0000000092f4bbb0}: 'void java.lang.invoke.DirectMethodHandle$Holder.invokeSpecial(java.lang.Object, java.lang.Object, java.lang.Object)'> (0x0000000092f4bbb0) 
thrown [s\src\hotspot\share\interpreter\linkResolver.cpp, line 773]
Event: 2.767 Thread 0x000001e07e8fcf80 Exception <a 'java/lang/NoSuchMethodError'{0x0000000092ff1ff8}: 'void java.lang.invoke.DirectMethodHandle$Holder.invokeSpecial(java.lang.Object, java.lang.Object, java.lang.Object, java.lang.Object, java.lang.Object)'> (0x0000000092ff1ff8) 
thrown [s\src\hotspot\share\interpreter\linkResolver.cpp, line 773]
Event: 3.809 Thread 0x000001e07e98f9e0 Exception <a 'java/lang/NoSuchMethodError'{0x0000000092db6840}: 'void java.lang.invoke.DirectMethodHandle$Holder.invokeSpecial(java.lang.Object, java.lang.Object, java.lang.Object, java.lang.Object, java.lang.Object, java.lang.Object, java.lang.Object)'> (0x0000000092db6840) 
thrown [s\src\hotspot\share\interpreter\linkResolver.cpp, line 773]
Event: 3.846 Thread 0x000001e0728442b0 Exception <a 'java/lang/NoSuchMethodError'{0x00000000932f34c0}: 'java.lang.Object java.lang.invoke.DirectMethodHandle$Holder.invokeSpecialIFC(java.lang.Object, java.lang.Object, java.lang.Object)'> (0x00000000932f34c0) 
thrown [s\src\hotspot\share\interpreter\linkResolver.cpp, line 773]
Event: 4.227 Thread 0x000001e0728442b0 Exception <a 'java/lang/ClassNotFoundException'{0x0000000092892b48}: sun/util/logging/resources/spi/loggingProvider> (0x0000000092892b48) 
thrown [s\src\hotspot\share\classfile\systemDictionary.cpp, line 312]

ZGC Phase Switch (0 events):
No events

VM Operations (20 events):
Event: 1.666 Executing VM operation: HandshakeAllThreads (Deoptimize)
Event: 1.666 Executing VM operation: HandshakeAllThreads (Deoptimize) done
Event: 1.737 Executing VM operation: HandshakeAllThreads (Deoptimize)
Event: 1.738 Executing VM operation: HandshakeAllThreads (Deoptimize) done
Event: 1.875 Executing VM operation: HandshakeAllThreads (Deoptimize)
Event: 1.875 Executing VM operation: HandshakeAllThreads (Deoptimize) done
Event: 2.128 Executing VM operation: G1CollectForAllocation (G1 Evacuation Pause)
Event: 2.144 Executing VM operation: G1CollectForAllocation (G1 Evacuation Pause) done
Event: 2.452 Executing VM operation: HandshakeAllThreads (Deoptimize)
Event: 2.452 Executing VM operation: HandshakeAllThreads (Deoptimize) done
Event: 2.546 Executing VM operation: HandshakeAllThreads (Deoptimize)
Event: 2.546 Executing VM operation: HandshakeAllThreads (Deoptimize) done
Event: 3.556 Executing VM operation: Cleanup
Event: 3.556 Executing VM operation: Cleanup done
Event: 3.783 Executing VM operation: HandshakeAllThreads (Deoptimize)
Event: 3.783 Executing VM operation: HandshakeAllThreads (Deoptimize) done
Event: 3.787 Executing VM operation: HandshakeAllThreads (Deoptimize)
Event: 3.787 Executing VM operation: HandshakeAllThreads (Deoptimize) done
Event: 4.217 Executing VM operation: HandshakeAllThreads (Deoptimize)
Event: 4.217 Executing VM operation: HandshakeAllThreads (Deoptimize) done

Memory protections (0 events):
No events

Nmethod flushes (0 events):
No events

Events (20 events):
Event: 0.722 Thread 0x000001e0728442b0 Thread added: 0x000001e07dc91430
Event: 1.372 Thread 0x000001e07d951100 Thread exited: 0x000001e07d951100
Event: 1.381 Thread 0x000001e07dc91430 Thread exited: 0x000001e07dc91430
Event: 1.529 Thread 0x000001e0728442b0 Thread added: 0x000001e07de0f5e0
Event: 2.180 Thread 0x000001e0728442b0 Thread added: 0x000001e07e0fb7f0
Event: 2.448 Thread 0x000001e0728442b0 Thread added: 0x000001e07e0c6990
Event: 2.454 Thread 0x000001e0728442b0 Thread added: 0x000001e07e0c6ff0
Event: 2.456 Thread 0x000001e0728442b0 Thread added: 0x000001e07e0f8620
Event: 2.464 Thread 0x000001e07e0c6ff0 Thread added: 0x000001e07e0f9060
Event: 2.546 Thread 0x000001e07e0f9060 Thread added: 0x000001e07e4460c0
Event: 2.661 Thread 0x000001e0728442b0 Thread added: 0x000001e07e8fcf80
Event: 2.666 Thread 0x000001e0728442b0 Thread added: 0x000001e07e98d910
Event: 2.789 Thread 0x000001e07e0fb7f0 Thread added: 0x000001e07e98f9e0
Event: 2.792 Thread 0x000001e07e0fb7f0 Thread added: 0x000001e07e98cbf0
Event: 2.793 Thread 0x000001e07e0fb7f0 Thread added: 0x000001e07e98dfa0
Event: 3.945 Thread 0x000001e0728442b0 Thread added: 0x000001e07e990070
Event: 3.947 Thread 0x000001e0728442b0 Thread added: 0x000001e07e98e630
Event: 3.960 Thread 0x000001e07e990070 Thread added: 0x000001e07e98d280
Event: 3.961 Thread 0x000001e07e990070 Thread added: 0x000001e07e98ecc0
Event: 3.962 Thread 0x000001e07e990070 Thread added: 0x000001e07e98f350


Dynamic libraries:
0x00007ff6ac240000 - 0x00007ff6ac24e000 	C:\Users\kirub\eclipse-java-2024-12-R-win32-x86_64\eclipse\plugins\org.eclipse.justj.openjdk.hotspot.jre.full.win32.x86_64_21.0.5.v20241023-1957\jre\bin\javaw.exe
0x00007ffd4d530000 - 0x00007ffd4d747000 	C:\Windows\SYSTEM32\ntdll.dll
0x00007ffd4bfe0000 - 0x00007ffd4c0a4000 	C:\Windows\System32\KERNEL32.DLL
0x00007ffd4aa60000 - 0x00007ffd4ae31000 	C:\Windows\System32\KERNELBASE.dll
0x00007ffd4a7d0000 - 0x00007ffd4a8e1000 	C:\Windows\System32\ucrtbase.dll
0x00007ffd3f080000 - 0x00007ffd3f09e000 	C:\Users\kirub\eclipse-java-2024-12-R-win32-x86_64\eclipse\plugins\org.eclipse.justj.openjdk.hotspot.jre.full.win32.x86_64_21.0.5.v20241023-1957\jre\bin\VCRUNTIME140.dll
0x00007ffd45b60000 - 0x00007ffd45b78000 	C:\Users\kirub\eclipse-java-2024-12-R-win32-x86_64\eclipse\plugins\org.eclipse.justj.openjdk.hotspot.jre.full.win32.x86_64_21.0.5.v20241023-1957\jre\bin\jli.dll
0x00007ffd4cd30000 - 0x00007ffd4cee1000 	C:\Windows\System32\USER32.dll
0x00007ffd4af60000 - 0x00007ffd4af86000 	C:\Windows\System32\win32u.dll
0x00007ffd4b200000 - 0x00007ffd4b229000 	C:\Windows\System32\GDI32.dll
0x00007ffd3c520000 - 0x00007ffd3c7b2000 	C:\Windows\WinSxS\amd64_microsoft.windows.common-controls_6595b64144ccf1df_6.0.22621.4830_none_270fe7d773858e80\COMCTL32.dll
0x00007ffd4ae40000 - 0x00007ffd4af5b000 	C:\Windows\System32\gdi32full.dll
0x00007ffd4a670000 - 0x00007ffd4a70a000 	C:\Windows\System32\msvcp_win.dll
0x00007ffd4cc80000 - 0x00007ffd4cd27000 	C:\Windows\System32\msvcrt.dll
0x00007ffd4bfa0000 - 0x00007ffd4bfd1000 	C:\Windows\System32\IMM32.DLL
0x00007ffd45b50000 - 0x00007ffd45b5c000 	C:\Users\kirub\eclipse-java-2024-12-R-win32-x86_64\eclipse\plugins\org.eclipse.justj.openjdk.hotspot.jre.full.win32.x86_64_21.0.5.v20241023-1957\jre\bin\vcruntime140_1.dll
0x00007ffd05890000 - 0x00007ffd0591d000 	C:\Users\kirub\eclipse-java-2024-12-R-win32-x86_64\eclipse\plugins\org.eclipse.justj.openjdk.hotspot.jre.full.win32.x86_64_21.0.5.v20241023-1957\jre\bin\msvcp140.dll
0x00007ffca3680000 - 0x00007ffca440f000 	C:\Users\kirub\eclipse-java-2024-12-R-win32-x86_64\eclipse\plugins\org.eclipse.justj.openjdk.hotspot.jre.full.win32.x86_64_21.0.5.v20241023-1957\jre\bin\server\jvm.dll
0x00007ffd4b230000 - 0x00007ffd4b2e1000 	C:\Windows\System32\ADVAPI32.dll
0x00007ffd4c1e0000 - 0x00007ffd4c287000 	C:\Windows\System32\sechost.dll
0x00007ffd4a8f0000 - 0x00007ffd4a918000 	C:\Windows\System32\bcrypt.dll
0x00007ffd4d1c0000 - 0x00007ffd4d2d4000 	C:\Windows\System32\RPCRT4.dll
0x00007ffd4d2e0000 - 0x00007ffd4d351000 	C:\Windows\System32\WS2_32.dll
0x00007ffd4a2e0000 - 0x00007ffd4a32d000 	C:\Windows\SYSTEM32\POWRPROF.dll
0x00007ffd46120000 - 0x00007ffd46154000 	C:\Windows\SYSTEM32\WINMM.dll
0x00007ffd42150000 - 0x00007ffd4215a000 	C:\Windows\SYSTEM32\VERSION.dll
0x00007ffd4a2c0000 - 0x00007ffd4a2d3000 	C:\Windows\SYSTEM32\UMPDC.dll
0x00007ffd496a0000 - 0x00007ffd496b8000 	C:\Windows\SYSTEM32\kernel.appcore.dll
0x00007ffd47980000 - 0x00007ffd4798a000 	C:\Users\kirub\eclipse-java-2024-12-R-win32-x86_64\eclipse\plugins\org.eclipse.justj.openjdk.hotspot.jre.full.win32.x86_64_21.0.5.v20241023-1957\jre\bin\jimage.dll
0x00007ffd44a50000 - 0x00007ffd44c82000 	C:\Windows\SYSTEM32\DBGHELP.DLL
0x00007ffd4b7a0000 - 0x00007ffd4bb30000 	C:\Windows\System32\combase.dll
0x00007ffd4be50000 - 0x00007ffd4bf27000 	C:\Windows\System32\OLEAUT32.dll
0x00007ffd33b60000 - 0x00007ffd33b92000 	C:\Windows\SYSTEM32\dbgcore.DLL
0x00007ffd4b010000 - 0x00007ffd4b08b000 	C:\Windows\System32\bcryptPrimitives.dll
0x00007ffd45b10000 - 0x00007ffd45b2f000 	C:\Users\kirub\eclipse-java-2024-12-R-win32-x86_64\eclipse\plugins\org.eclipse.justj.openjdk.hotspot.jre.full.win32.x86_64_21.0.5.v20241023-1957\jre\bin\java.dll
0x00007ffd4c3f0000 - 0x00007ffd4cc78000 	C:\Windows\System32\SHELL32.dll
0x00007ffd4a920000 - 0x00007ffd4aa5f000 	C:\Windows\System32\wintypes.dll
0x00007ffd48580000 - 0x00007ffd48e8d000 	C:\Windows\SYSTEM32\windows.storage.dll
0x00007ffd4cef0000 - 0x00007ffd4cffa000 	C:\Windows\System32\SHCORE.dll
0x00007ffd4d420000 - 0x00007ffd4d47e000 	C:\Windows\System32\shlwapi.dll
0x00007ffd4a5a0000 - 0x00007ffd4a5cb000 	C:\Windows\SYSTEM32\profapi.dll
0x00007ffd40360000 - 0x00007ffd40378000 	C:\Users\kirub\eclipse-java-2024-12-R-win32-x86_64\eclipse\plugins\org.eclipse.justj.openjdk.hotspot.jre.full.win32.x86_64_21.0.5.v20241023-1957\jre\bin\zip.dll
0x00007ffd47300000 - 0x00007ffd47310000 	C:\Users\kirub\eclipse-java-2024-12-R-win32-x86_64\eclipse\plugins\org.eclipse.justj.openjdk.hotspot.jre.full.win32.x86_64_21.0.5.v20241023-1957\jre\bin\net.dll
0x00007ffd475b0000 - 0x00007ffd476dc000 	C:\Windows\SYSTEM32\WINHTTP.dll
0x00007ffd49b30000 - 0x00007ffd49b9a000 	C:\Windows\system32\mswsock.dll
0x00007ffd3f5f0000 - 0x00007ffd3f606000 	C:\Users\kirub\eclipse-java-2024-12-R-win32-x86_64\eclipse\plugins\org.eclipse.justj.openjdk.hotspot.jre.full.win32.x86_64_21.0.5.v20241023-1957\jre\bin\nio.dll
0x00007ffd40100000 - 0x00007ffd40109000 	C:\Users\kirub\eclipse-java-2024-12-R-win32-x86_64\eclipse\plugins\org.eclipse.justj.openjdk.hotspot.jre.full.win32.x86_64_21.0.5.v20241023-1957\jre\bin\extnet.dll
0x00007ffd491c0000 - 0x00007ffd492c2000 	C:\Windows\SYSTEM32\DNSAPI.dll
0x00007ffd49140000 - 0x00007ffd4916d000 	C:\Windows\SYSTEM32\IPHLPAPI.DLL
0x00007ffd4d410000 - 0x00007ffd4d419000 	C:\Windows\System32\NSI.dll
0x00007ffd46110000 - 0x00007ffd4611a000 	C:\Windows\System32\rasadhlp.dll
0x00007ffd46350000 - 0x00007ffd463d3000 	C:\Windows\System32\fwpuclnt.dll
0x00007ffd45b40000 - 0x00007ffd45b4e000 	C:\Users\kirub\eclipse-java-2024-12-R-win32-x86_64\eclipse\plugins\org.eclipse.justj.openjdk.hotspot.jre.full.win32.x86_64_21.0.5.v20241023-1957\jre\bin\sunmscapi.dll
0x00007ffd4b090000 - 0x00007ffd4b1f6000 	C:\Windows\System32\CRYPT32.dll
0x00007ffd49fb0000 - 0x00007ffd49fdd000 	C:\Windows\SYSTEM32\ncrypt.dll
0x00007ffd49f70000 - 0x00007ffd49fa7000 	C:\Windows\SYSTEM32\NTASN1.dll
0x00007ffd49d80000 - 0x00007ffd49d9b000 	C:\Windows\SYSTEM32\CRYPTSP.dll
0x00007ffd49600000 - 0x00007ffd49637000 	C:\Windows\system32\rsaenh.dll
0x00007ffd49c20000 - 0x00007ffd49c48000 	C:\Windows\SYSTEM32\USERENV.dll
0x00007ffd49f60000 - 0x00007ffd49f6c000 	C:\Windows\SYSTEM32\CRYPTBASE.dll
0x00007ffd17710000 - 0x00007ffd17718000 	C:\Windows\system32\wshunix.dll

dbghelp: loaded successfully - version: 4.0.5 - missing functions: none
symbol engine: initialized successfully - sym options: 0x614 - pdb path: .;C:\Users\kirub\eclipse-java-2024-12-R-win32-x86_64\eclipse\plugins\org.eclipse.justj.openjdk.hotspot.jre.full.win32.x86_64_21.0.5.v20241023-1957\jre\bin;C:\Windows\SYSTEM32;C:\Windows\WinSxS\amd64_microsoft.windows.common-controls_6595b64144ccf1df_6.0.22621.4830_none_270fe7d773858e80;C:\Users\kirub\eclipse-java-2024-12-R-win32-x86_64\eclipse\plugins\org.eclipse.justj.openjdk.hotspot.jre.full.win32.x86_64_21.0.5.v20241023-1957\jre\bin\server

VM Arguments:
jvm_args: -Dfile.encoding=UTF-8 -Dstdout.encoding=UTF-8 -Dstderr.encoding=UTF-8 -XX:+ShowCodeDetailsInExceptionMessages 
java_command: com.kiot.JavaScriptExecutor2
java_class_path (initial): C:\Users\kirub\git\repository12\Selenium_Jenkins\target\classes;C:\Users\kirub\.m2\repository\org\seleniumhq\selenium\selenium-java\4.27.0\selenium-java-4.27.0.jar;C:\Users\kirub\.m2\repository\org\seleniumhq\selenium\selenium-api\4.27.0\selenium-api-4.27.0.jar;C:\Users\kirub\.m2\repository\org\jspecify\jspecify\1.0.0\jspecify-1.0.0.jar;C:\Users\kirub\.m2\repository\org\seleniumhq\selenium\selenium-chrome-driver\4.27.0\selenium-chrome-driver-4.27.0.jar;C:\Users\kirub\.m2\repository\com\google\auto\service\auto-service-annotations\1.1.1\auto-service-annotations-1.1.1.jar;C:\Users\kirub\.m2\repository\org\seleniumhq\selenium\selenium-chromium-driver\4.27.0\selenium-chromium-driver-4.27.0.jar;C:\Users\kirub\.m2\repository\org\seleniumhq\selenium\selenium-json\4.27.0\selenium-json-4.27.0.jar;C:\Users\kirub\.m2\repository\org\seleniumhq\selenium\selenium-manager\4.27.0\selenium-manager-4.27.0.jar;C:\Users\kirub\.m2\repository\org\seleniumhq\selenium\selenium-devtools-v129\4.27.0\selenium-devtools-v129-4.27.0.jar;C:\Users\kirub\.m2\repository\org\seleniumhq\selenium\selenium-devtools-v130\4.27.0\selenium-devtools-v130-4.27.0.jar;C:\Users\kirub\.m2\repository\org\seleniumhq\selenium\selenium-devtools-v131\4.27.0\selenium-devtools-v131-4.27.0.jar;C:\Users\kirub\.m2\repository\org\seleniumhq\selenium\selenium-devtools-v85\4.27.0\selenium-devtools-v85-4.27.0.jar;C:\Users\kirub\.m2\repository\org\seleniumhq\selenium\selenium-edge-driver\4.27.0\selenium-edge-driver-4.27.0.jar;C:\Users\kirub\.m2\repository\org\seleniumhq\selenium\selenium-firefox-driver\4.27.0\selenium-firefox-driver-4.27.0.jar;C:\Users\kirub\.m2\repository\org\seleniumhq\selenium\selenium-http\4.27.0\selenium-http-4.27.0.jar;C:\Users\kirub\.m2\repository\dev\failsafe\failsafe\3.3.2\failsafe-3.3.2.jar;C:\Users\kirub\.m2\repository\org\seleniumhq\selenium\selenium-ie-driver\4.27.0\selenium-ie-driver-4.27.0.jar;C:\Users\kirub\.m2\repository\org\seleniumhq\selenium\selenium-remote-driver\4.27.0\selenium-remote-driver-4.27.0.jar;C:\Users\kirub\.m2\repository\com\google\guava\guava\33.3.1-jre\guava-33.3.1-jre.jar;C:\Users\kirub\.m2\repository\com\google\guava\failureaccess\1.0.2\failureaccess-1.0.2.jar;C:\Users\kirub\.m2\repository\com\google\guava\listenablefuture\9999.0-empty-to-avoid-conflict-with-guava\listenablefuture-9999.0-empty-to-avoid-conflict-with-guava.jar;C:\Users\kirub\.m2\repository\com\google\code\findbugs\jsr305\3.0.2\jsr305-3.0.2.jar;C:\Users\kirub\.m2\repository\org\checkerframework\checker-qual\3.43.0\checker-qual-3.43.0.jar;C:\Users\kirub\.m2\repository\com\google\errorprone\error_prone_annotations\2.28.0\error_prone_annotations-2.28.0.jar;C:\Users\kirub\.m2\repository\com\google\j2objc\j2objc-annotations\3.0.0\j2objc-annotations-3.0.0.jar;C:\Users\kirub\.m2\repository\io\opentelemetry\semconv\opentelemetry-semconv\1.25.0-alpha\opentelemetry-semconv-1.25.0-alpha.jar;C:\Users\kirub\.m2\repository\io\opentelemetry\opentelemetry-api\1.44.1\opentelemetry-api-1.44.1.jar;C:\Users\kirub\.m2\repository\io\opentelemetry\opentelemetry-context\1.44.1\opentelemetry-context-1.44.1.jar;C:\Users\kirub\.m2\repository\io\opentelemetry\opentelemetry-exporter-logging\1.44.1\opentelemetry-exporter-logging-1.44.1.jar;C:\Users\kirub\.m2\repository\io\opentelemetry\opentelemetry-sdk-common\1.44.1\opentelemetry-sdk-common-1.44.1.jar;C:\Users\kirub\.m2\repository\io\opentelemetry\opentelemetry-sdk-extension-autoconfigure-spi\1.44.1\opentelemetry-sdk-extension-autoconfigure-spi-1.44.1.jar;C:\Users\kirub\.m2\repository\io\opentelemetry\opentelemetry-sdk-extension-autoconfigure\1.44.1\opentelemetry-sdk-extension-autoconfigure-1.44.1.jar;C:\Users\kirub\.m2\repository\io\opentelemetry\opentelemetry-api-incubator\1.44.1-alpha\opentelemetry-api-incubator-1.44.1-alpha.jar;C:\Users\kirub\.m2\repository\io\opentelemetry\opentelemetry-sdk-trace\1.44.1\opentelemetry-sdk-trace-1.44.1.jar;C:\Users\kirub\.m2\repository\io\opentelemetry\opentelemetry-sdk\1.44.1\opentelemetry-sdk-1.44.1.jar;C:\Users\kirub\.m2\repository\io\opentelemetry\opentelemetry-sdk-metrics\1.44.1\opentelemetry-sdk-metrics-1.44.1.jar;C:\Users\kirub\.m2\repository\io\opentelemetry\opentelemetry-sdk-logs\1.44.1\opentelemetry-sdk-logs-1.44.1.jar;C:\Users\kirub\.m2\repository\net\bytebuddy\byte-buddy\1.15.10\byte-buddy-1.15.10.jar;C:\Users\kirub\.m2\repository\org\seleniumhq\selenium\selenium-os\4.27.0\selenium-os-4.27.0.jar;C:\Users\kirub\.m2\repository\org\seleniumhq\selenium\selenium-safari-driver\4.27.0\selenium-safari-driver-4.27.0.jar;C:\Users\kirub\.m2\repository\org\seleniumhq\selenium\selenium-support\4.27.0\selenium-support-4.27.0.jar;C:\Users\kirub\.m2\repository\org\codehaus\mojo\exec-maven-plugin\3.1.0\exec-maven-plugin-3.1.0.jar;C:\Users\kirub\.m2\repository\org\codehaus\plexus\plexus-utils\3.4.2\plexus-utils-3.4.2.jar;C:\Users\kirub\.m2\repository\org\apache\commons\commons-exec\1.3\commons-exec-1.3.jar
Launcher Type: SUN_STANDARD

[Global flags]
     intx CICompilerCount                          = 4                                         {product} {ergonomic}
     uint ConcGCThreads                            = 2                                         {product} {ergonomic}
     uint G1ConcRefinementThreads                  = 8                                         {product} {ergonomic}
   size_t G1HeapRegionSize                         = 1048576                                   {product} {ergonomic}
    uintx GCDrainStackTargetSize                   = 64                                        {product} {ergonomic}
   size_t InitialHeapSize                          = 121634816                                 {product} {ergonomic}
   size_t MarkStackSize                            = 4194304                                   {product} {ergonomic}
   size_t MaxHeapSize                              = 1944059904                                {product} {ergonomic}
   size_t MaxNewSize                               = 1166016512                                {product} {ergonomic}
   size_t MinHeapDeltaBytes                        = 1048576                                   {product} {ergonomic}
   size_t MinHeapSize                              = 8388608                                   {product} {ergonomic}
    uintx NonNMethodCodeHeapSize                   = 5839372                                {pd product} {ergonomic}
    uintx NonProfiledCodeHeapSize                  = 122909434                              {pd product} {ergonomic}
    uintx ProfiledCodeHeapSize                     = 122909434                              {pd product} {ergonomic}
    uintx ReservedCodeCacheSize                    = 251658240                              {pd product} {ergonomic}
     bool SegmentedCodeCache                       = true                                      {product} {ergonomic}
     bool ShowCodeDetailsInExceptionMessages       = true                                   {manageable} {command line}
   size_t SoftMaxHeapSize                          = 1944059904                             {manageable} {ergonomic}
     bool UseCompressedOops                        = true                           {product lp64_product} {ergonomic}
     bool UseG1GC                                  = true                                      {product} {ergonomic}
     bool UseLargePagesIndividualAllocation        = false                                  {pd product} {ergonomic}

Logging:
Log output configuration:
 #0: stdout all=warning uptime,level,tags foldmultilines=false
 #1: stderr all=off uptime,level,tags foldmultilines=false

Environment Variables:
JAVA_HOME=C:\Program Files\Java\jdk-23
PATH=C:/Users/kirub/eclipse-java-2024-12-R-win32-x86_64/eclipse//plugins/org.eclipse.justj.openjdk.hotspot.jre.full.win32.x86_64_21.0.5.v20241023-1957/jre/bin/server;C:/Users/kirub/eclipse-java-2024-12-R-win32-x86_64/eclipse//plugins/org.eclipse.justj.openjdk.hotspot.jre.full.win32.x86_64_21.0.5.v20241023-1957/jre/bin;C:\oraclexe\app\oracle\product\11.2.0\server\bin;C:\App\db_home\bin;C:\Program Files\Common Files\Oracle\Java\javapath;C:\Program Files (x86)\Common Files\Oracle\Java\javapath;C:\oraclexe\app\oracle\product\11.2.0\server\bin;C:\Program Files\Python311\Scripts\;C:\Program Files\Python311\;C:\Program Files\Java\jdk-23;C:\Program Files\Java\jdk-23\bin;C:\Windows\system32;C:\Windows;C:\Windows\System32\Wbem;C:\Windows\System32\WindowsPowerShell\v1.0\;C:\Windows\System32\OpenSSH\;%HADOOP_HOME%;%HADOOP_BIN%;%HADOOP_HOME%\sbin;C:\Program Files\MongoDB\mongosh-1.10.4-win32-x64\bin;C:\ProgramData\chocolatey\bin;C:\Program Files\nodejs\;C:\Program Files\Java\jdk-21\bin;C:\Program Files\Git\cmd;C:\Program Files\maven\bin;C:\Program Files\Java\jdk-23\bin;C:\Program Files\MySQL\MySQL Shell 8.0\bin\;C:\Users\kirub\AppData\Local\Programs\Microsoft VS Code\bin;C:\Users\kirub\AppData\Local\Programs\Python\Python312\;C:\Users\kirub\AppData\Local\Programs\Python\Python312\scripts\;C:\Users\kirub\AppData\Local\Microsoft\WindowsApps;C:\Users\kirub\AppData\Roaming\npm;C:\Users\kirub\eclipse-java-2024-12-R-win32-x86_64\eclipse;
USERNAME=kirub
OS=Windows_NT
PROCESSOR_IDENTIFIER=AMD64 Family 23 Model 160 Stepping 0, AuthenticAMD
TMP=C:\Users\kirub\AppData\Local\Temp
TEMP=C:\Users\kirub\AppData\Local\Temp




Periodic native trim disabled

---------------  S Y S T E M  ---------------

OS:
 Windows 11 , 64 bit Build 22621 (10.0.22621.4974)
OS uptime: 5 days 6:28 hours
Hyper-V role detected

CPU: total 8 (initial active 8) (8 cores per cpu, 2 threads per core) family 23 model 160 stepping 0 microcode 0x0, cx8, cmov, fxsr, ht, mmx, 3dnowpref, sse, sse2, sse3, ssse3, sse4a, sse4.1, sse4.2, popcnt, lzcnt, tsc, tscinvbit, avx, avx2, aes, clmul, bmi1, bmi2, adx, sha, fma, vzeroupper, clflush, clflushopt, hv, rdtscp, rdpid, f16c
Processor Information for all 8 processors :
  Max Mhz: 2801, Current Mhz: 2483, Mhz Limit: 2801

Memory: 4k page, system-wide physical 7413M (313M free)
TotalPageFile size 29941M (AvailPageFile size 10M)
current process WorkingSet (physical memory assigned to process): 109M, peak: 109M
current process commit charge ("private bytes"): 233M, peak: 235M

vm_info: OpenJDK 64-Bit Server VM (21.0.5+11-LTS) for windows-amd64 JRE (21.0.5+11-LTS), built on 2024-10-15T00:00:00Z by "admin" with MS VC++ 17.7 (VS2022)

END.
