#
# There is insufficient memory for the Java Runtime Environment to continue.
# Native memory allocation (malloc) failed to allocate 1857936 bytes. Error detail: Chunk::new
# Possible reasons:
#   The system is out of physical RAM or swap space
#   This process is running with CompressedOops enabled, and the Java Heap may be blocking the growth of the native heap
# Possible solutions:
#   Reduce memory load on the system
#   Increase physical memory or swap space
#   Check if swap backing store is full
#   Decrease Java heap size (-Xmx/-Xms)
#   Decrease number of Java threads
#   Decrease Java thread stack sizes (-Xss)
#   Set larger code cache with -XX:ReservedCodeCacheSize=
#   JVM is running with Unscaled Compressed Oops mode in which the Java heap is
#     placed in the first 4GB address space. The Java Heap base address is the
#     maximum limit for the native heap growth. Please use -XX:HeapBaseMinAddress
#     to set the Java Heap base and to place the Java Heap above 4GB virtual address.
# This output file may be truncated or incomplete.
#
#  Out of Memory Error (arena.cpp:168), pid=20552, tid=28264
#
# JRE version: OpenJDK Runtime Environment Temurin-21.0.5+11 (21.0.5+11) (build 21.0.5+11-LTS)
# Java VM: OpenJDK 64-Bit Server VM Temurin-21.0.5+11 (21.0.5+11-LTS, mixed mode, sharing, tiered, compressed oops, compressed class ptrs, g1 gc, windows-amd64)
# No core dump will be written. Minidumps are not enabled by default on client versions of Windows
#

---------------  S U M M A R Y ------------

Command Line: -Dfile.encoding=UTF-8 -Dstdout.encoding=UTF-8 -Dstderr.encoding=UTF-8 -XX:+ShowCodeDetailsInExceptionMessages com.kiot.JavaScriptExecutor2

Host: AMD Ryzen 5 7520U with Radeon Graphics         , 8 cores, 7G,  Windows 11 , 64 bit Build 22621 (10.0.22621.4974)
Time: Tue Mar 18 12:16:41 2025 India Standard Time elapsed time: 4.979740 seconds (0d 0h 0m 4s)

---------------  T H R E A D  ---------------

Current thread (0x0000028472f6c270):  JavaThread "C2 CompilerThread0" daemon [_thread_in_native, id=28264, stack(0x000000ede0900000,0x000000ede0a00000) (1024K)]


Current CompileTask:
C2:4979 1811       4       java.lang.invoke.MethodType::makeImpl (109 bytes)

Stack: [0x000000ede0900000,0x000000ede0a00000]
Native frames: (J=compiled Java code, j=interpreted, Vv=VM code, C=native code)
V  [jvm.dll+0x6cd4e9]
V  [jvm.dll+0x8a7941]
V  [jvm.dll+0x8a9e6e]
V  [jvm.dll+0x8aa543]
V  [jvm.dll+0x27f6d6]
V  [jvm.dll+0xc500d]
V  [jvm.dll+0xc5543]
V  [jvm.dll+0x3b65d2]
V  [jvm.dll+0x382835]
V  [jvm.dll+0x381c9a]
V  [jvm.dll+0x2479d0]
V  [jvm.dll+0x246faf]
V  [jvm.dll+0x1c75ce]
V  [jvm.dll+0x25682a]
V  [jvm.dll+0x254dca]
V  [jvm.dll+0x3f00d6]
V  [jvm.dll+0x8514fb]
V  [jvm.dll+0x6cbbed]
C  [ucrtbase.dll+0x29333]
C  [KERNEL32.DLL+0x1259d]
C  [ntdll.dll+0x5af38]


---------------  P R O C E S S  ---------------

Threads class SMR info:
_java_thread_list=0x00000284778dc980, length=28, elements={
0x00000284590f5250, 0x0000028472f5afa0, 0x0000028472f5c180, 0x0000028472f5dd30,
0x0000028472f60790, 0x0000028472f615f0, 0x0000028472f6a200, 0x0000028472f6c270,
0x0000028472f6f1e0, 0x00000284771f2810, 0x00000284771fca40, 0x00000284774552d0,
0x0000028477984c20, 0x000002847772e770, 0x0000028477cfe890, 0x00000284778f3da0,
0x00000284778f4400, 0x0000028477a591d0, 0x00000284778dc150, 0x00000284777cd260,
0x00000284777cd8f0, 0x00000284777ce610, 0x00000284777cdf80, 0x00000284783bacf0,
0x00000284783b9fd0, 0x00000284783b6b50, 0x00000284783ba660, 0x00000284783b8c20
}

Java Threads: ( => current thread )
  0x00000284590f5250 JavaThread "Forwarding get on session 33554e69b997fc612f107d626496236b to remote"        [_thread_blocked, id=9736, stack(0x000000eddfb00000,0x000000eddfc00000) (1024K)]
  0x0000028472f5afa0 JavaThread "Reference Handler"          daemon [_thread_blocked, id=12588, stack(0x000000ede0300000,0x000000ede0400000) (1024K)]
  0x0000028472f5c180 JavaThread "Finalizer"                  daemon [_thread_blocked, id=15408, stack(0x000000ede0400000,0x000000ede0500000) (1024K)]
  0x0000028472f5dd30 JavaThread "Signal Dispatcher"          daemon [_thread_blocked, id=3412, stack(0x000000ede0500000,0x000000ede0600000) (1024K)]
  0x0000028472f60790 JavaThread "Attach Listener"            daemon [_thread_blocked, id=21720, stack(0x000000ede0600000,0x000000ede0700000) (1024K)]
  0x0000028472f615f0 JavaThread "Service Thread"             daemon [_thread_blocked, id=17280, stack(0x000000ede0700000,0x000000ede0800000) (1024K)]
  0x0000028472f6a200 JavaThread "Monitor Deflation Thread"   daemon [_thread_blocked, id=15772, stack(0x000000ede0800000,0x000000ede0900000) (1024K)]
=>0x0000028472f6c270 JavaThread "C2 CompilerThread0"         daemon [_thread_in_native, id=28264, stack(0x000000ede0900000,0x000000ede0a00000) (1024K)]
  0x0000028472f6f1e0 JavaThread "C1 CompilerThread0"         daemon [_thread_blocked, id=7968, stack(0x000000ede0a00000,0x000000ede0b00000) (1024K)]
  0x00000284771f2810 JavaThread "Notification Thread"        daemon [_thread_blocked, id=22564, stack(0x000000ede0b00000,0x000000ede0c00000) (1024K)]
  0x00000284771fca40 JavaThread "Common-Cleaner"             daemon [_thread_blocked, id=25232, stack(0x000000ede0c00000,0x000000ede0d00000) (1024K)]
  0x00000284774552d0 JavaThread "ForkJoinPool.commonPool-worker-1" daemon [_thread_blocked, id=17068, stack(0x000000ede0d00000,0x000000ede0e00000) (1024K)]
  0x0000028477984c20 JavaThread "HttpClient-1-SelectorManager" daemon [_thread_in_native, id=14272, stack(0x000000ede1600000,0x000000ede1700000) (1024K)]
  0x000002847772e770 JavaThread "External Process Output Forwarder - C:\Users\kirub\.cache\selenium\chromedriver\win64\134.0.6998.88\chromedriver.exe" daemon [_thread_in_native, id=18772, stack(0x000000ede0e00000,0x000000ede0f00000) (1024K)]
  0x0000028477cfe890 JavaThread "Driver Service Executor"    daemon [_thread_blocked, id=8584, stack(0x000000ede1700000,0x000000ede1800000) (1024K)]
  0x00000284778f3da0 JavaThread "Driver Service Executor"    daemon [_thread_in_native, id=11844, stack(0x000000ede1800000,0x000000ede1900000) (1024K)]
  0x00000284778f4400 JavaThread "UrlChecker-2"               daemon [_thread_blocked, id=1672, stack(0x000000ede1900000,0x000000ede1a00000) (1024K)]
  0x0000028477a591d0 JavaThread "Keep-Alive-Timer"           daemon [_thread_blocked, id=9964, stack(0x000000ede1b00000,0x000000ede1c00000) (1024K)]
  0x00000284778dc150 JavaThread "JdkHttpClient-0-0"          daemon [_thread_blocked, id=7192, stack(0x000000ede1c00000,0x000000ede1d00000) (1024K)]
  0x00000284777cd260 JavaThread "CompletableFutureDelayScheduler" daemon [_thread_blocked, id=24628, stack(0x000000ede1d00000,0x000000ede1e00000) (1024K)]
  0x00000284777cd8f0 JavaThread "JdkHttpClient-0-1"          daemon [_thread_blocked, id=4948, stack(0x000000ede1e00000,0x000000ede1f00000) (1024K)]
  0x00000284777ce610 JavaThread "JdkHttpClient-0-2"          daemon [_thread_blocked, id=18808, stack(0x000000ede1f00000,0x000000ede2000000) (1024K)]
  0x00000284777cdf80 JavaThread "JdkHttpClient-0-3"          daemon [_thread_blocked, id=10180, stack(0x000000ede2000000,0x000000ede2100000) (1024K)]
  0x00000284783bacf0 JavaThread "HttpClient-2-SelectorManager" daemon [_thread_in_native, id=25484, stack(0x000000ede2100000,0x000000ede2200000) (1024K)]
  0x00000284783b9fd0 JavaThread "JdkHttpClient-1-0"          daemon [_thread_blocked, id=17656, stack(0x000000ede2200000,0x000000ede2300000) (1024K)]
  0x00000284783b6b50 JavaThread "JdkHttpClient-1-1"          daemon [_thread_blocked, id=2840, stack(0x000000ede2300000,0x000000ede2400000) (1024K)]
  0x00000284783ba660 JavaThread "JdkHttpClient-1-2"          daemon [_thread_blocked, id=11096, stack(0x000000ede2400000,0x000000ede2500000) (1024K)]
  0x00000284783b8c20 JavaThread "JdkHttpClient-1-3"          daemon [_thread_blocked, id=16732, stack(0x000000ede2500000,0x000000ede2600000) (1024K)]
Total: 28

Other Threads:
  0x0000028472f445e0 VMThread "VM Thread"                           [id=21188, stack(0x000000ede0200000,0x000000ede0300000) (1024K)]
  0x0000028472f34640 WatcherThread "VM Periodic Task Thread"        [id=20764, stack(0x000000ede0100000,0x000000ede0200000) (1024K)]
  0x000002845b315760 WorkerThread "GC Thread#0"                     [id=9684, stack(0x000000eddfc00000,0x000000eddfd00000) (1024K)]
  0x00000284779715f0 WorkerThread "GC Thread#1"                     [id=2652, stack(0x000000ede0f00000,0x000000ede1000000) (1024K)]
  0x000002847798c6e0 WorkerThread "GC Thread#2"                     [id=8704, stack(0x000000ede1000000,0x000000ede1100000) (1024K)]
  0x0000028477993000 WorkerThread "GC Thread#3"                     [id=1268, stack(0x000000ede1100000,0x000000ede1200000) (1024K)]
  0x00000284779937b0 WorkerThread "GC Thread#4"                     [id=14584, stack(0x000000ede1200000,0x000000ede1300000) (1024K)]
  0x0000028477993b50 WorkerThread "GC Thread#5"                     [id=24876, stack(0x000000ede1300000,0x000000ede1400000) (1024K)]
  0x0000028477994700 WorkerThread "GC Thread#6"                     [id=19628, stack(0x000000ede1400000,0x000000ede1500000) (1024K)]
  0x00000284779956c0 WorkerThread "GC Thread#7"                     [id=23348, stack(0x000000ede1500000,0x000000ede1600000) (1024K)]
  0x000002845b3256f0 ConcurrentGCThread "G1 Main Marker"            [id=14720, stack(0x000000eddfd00000,0x000000eddfe00000) (1024K)]
  0x000002845b326090 WorkerThread "G1 Conc#0"                       [id=11428, stack(0x000000eddfe00000,0x000000eddff00000) (1024K)]
  0x000002845b37e820 ConcurrentGCThread "G1 Refine#0"               [id=25248, stack(0x000000eddff00000,0x000000ede0000000) (1024K)]
  0x0000028472e04570 ConcurrentGCThread "G1 Service"                [id=20000, stack(0x000000ede0000000,0x000000ede0100000) (1024K)]
Total: 14

Threads with active compile tasks:
C2 CompilerThread0  5017 1811       4       java.lang.invoke.MethodType::makeImpl (109 bytes)
Total: 1

VM state: not at safepoint (normal execution)

VM Mutex/Monitor currently owned by a thread: None

Heap address: 0x000000008c200000, size: 1854 MB, Compressed Oops mode: 32-bit

CDS archive(s) mapped at: [0x0000028400000000-0x0000028400c80000-0x0000028400c80000), size 13107200, SharedBaseAddress: 0x0000028400000000, ArchiveRelocationMode: 1.
Compressed class space mapped at: 0x0000028401000000-0x0000028441000000, reserved size: 1073741824
Narrow klass base: 0x0000028400000000, Narrow klass shift: 0, Narrow klass range: 0x100000000

GC Precious Log:
 CardTable entry size: 512
 Card Set container configuration: InlinePtr #cards 5 size 8 Array Of Cards #cards 12 size 40 Howl #buckets 4 coarsen threshold 1843 Howl Bitmap #cards 512 size 80 coarsen threshold 460 Card regions per heap region 1 cards per card region 2048
 CPUs: 8 total, 8 available
 Memory: 7413M
 Large Page Support: Disabled
 NUMA Support: Disabled
 Compressed Oops: Enabled (32-bit)
 Heap Region Size: 1M
 Heap Min Capacity: 8M
 Heap Initial Capacity: 116M
 Heap Max Capacity: 1854M
 Pre-touch: Disabled
 Parallel Workers: 8
 Concurrent Workers: 2
 Concurrent Refinement Workers: 8
 Periodic GC: Disabled

Heap:
 garbage-first heap   total 118784K, used 18560K [0x000000008c200000, 0x0000000100000000)
  region size 1024K, 17 young (17408K), 3 survivors (3072K)
 Metaspace       used 12284K, committed 12608K, reserved 1114112K
  class space    used 1448K, committed 1600K, reserved 1048576K

Heap Regions: E=young(eden), S=young(survivor), O=old, HS=humongous(starts), HC=humongous(continues), CS=collection set, F=free, TAMS=top-at-mark-start, PB=parsable bottom
|   0|0x000000008c200000, 0x000000008c300000, 0x000000008c300000|100%|HS|  |TAMS 0x000000008c200000| PB 0x000000008c200000| Complete 
|   1|0x000000008c300000, 0x000000008c400000, 0x000000008c400000|100%| O|  |TAMS 0x000000008c300000| PB 0x000000008c300000| Untracked 
|   2|0x000000008c400000, 0x000000008c500000, 0x000000008c500000|100%| O|  |TAMS 0x000000008c400000| PB 0x000000008c400000| Untracked 
|   3|0x000000008c500000, 0x000000008c520000, 0x000000008c600000| 12%| O|  |TAMS 0x000000008c500000| PB 0x000000008c500000| Untracked 
|   4|0x000000008c600000, 0x000000008c600000, 0x000000008c700000|  0%| F|  |TAMS 0x000000008c600000| PB 0x000000008c600000| Untracked 
|   5|0x000000008c700000, 0x000000008c700000, 0x000000008c800000|  0%| F|  |TAMS 0x000000008c700000| PB 0x000000008c700000| Untracked 
|   6|0x000000008c800000, 0x000000008c800000, 0x000000008c900000|  0%| F|  |TAMS 0x000000008c800000| PB 0x000000008c800000| Untracked 
|   7|0x000000008c900000, 0x000000008c900000, 0x000000008ca00000|  0%| F|  |TAMS 0x000000008c900000| PB 0x000000008c900000| Untracked 
|   8|0x000000008ca00000, 0x000000008ca00000, 0x000000008cb00000|  0%| F|  |TAMS 0x000000008ca00000| PB 0x000000008ca00000| Untracked 
|   9|0x000000008cb00000, 0x000000008cb00000, 0x000000008cc00000|  0%| F|  |TAMS 0x000000008cb00000| PB 0x000000008cb00000| Untracked 
|  10|0x000000008cc00000, 0x000000008cc00000, 0x000000008cd00000|  0%| F|  |TAMS 0x000000008cc00000| PB 0x000000008cc00000| Untracked 
|  11|0x000000008cd00000, 0x000000008cd00000, 0x000000008ce00000|  0%| F|  |TAMS 0x000000008cd00000| PB 0x000000008cd00000| Untracked 
|  12|0x000000008ce00000, 0x000000008ce00000, 0x000000008cf00000|  0%| F|  |TAMS 0x000000008ce00000| PB 0x000000008ce00000| Untracked 
|  13|0x000000008cf00000, 0x000000008cf00000, 0x000000008d000000|  0%| F|  |TAMS 0x000000008cf00000| PB 0x000000008cf00000| Untracked 
|  14|0x000000008d000000, 0x000000008d000000, 0x000000008d100000|  0%| F|  |TAMS 0x000000008d000000| PB 0x000000008d000000| Untracked 
|  15|0x000000008d100000, 0x000000008d100000, 0x000000008d200000|  0%| F|  |TAMS 0x000000008d100000| PB 0x000000008d100000| Untracked 
|  16|0x000000008d200000, 0x000000008d200000, 0x000000008d300000|  0%| F|  |TAMS 0x000000008d200000| PB 0x000000008d200000| Untracked 
|  17|0x000000008d300000, 0x000000008d300000, 0x000000008d400000|  0%| F|  |TAMS 0x000000008d300000| PB 0x000000008d300000| Untracked 
|  18|0x000000008d400000, 0x000000008d400000, 0x000000008d500000|  0%| F|  |TAMS 0x000000008d400000| PB 0x000000008d400000| Untracked 
|  19|0x000000008d500000, 0x000000008d500000, 0x000000008d600000|  0%| F|  |TAMS 0x000000008d500000| PB 0x000000008d500000| Untracked 
|  20|0x000000008d600000, 0x000000008d600000, 0x000000008d700000|  0%| F|  |TAMS 0x000000008d600000| PB 0x000000008d600000| Untracked 
|  21|0x000000008d700000, 0x000000008d700000, 0x000000008d800000|  0%| F|  |TAMS 0x000000008d700000| PB 0x000000008d700000| Untracked 
|  22|0x000000008d800000, 0x000000008d800000, 0x000000008d900000|  0%| F|  |TAMS 0x000000008d800000| PB 0x000000008d800000| Untracked 
|  23|0x000000008d900000, 0x000000008d900000, 0x000000008da00000|  0%| F|  |TAMS 0x000000008d900000| PB 0x000000008d900000| Untracked 
|  24|0x000000008da00000, 0x000000008da00000, 0x000000008db00000|  0%| F|  |TAMS 0x000000008da00000| PB 0x000000008da00000| Untracked 
|  25|0x000000008db00000, 0x000000008db00000, 0x000000008dc00000|  0%| F|  |TAMS 0x000000008db00000| PB 0x000000008db00000| Untracked 
|  26|0x000000008dc00000, 0x000000008dc00000, 0x000000008dd00000|  0%| F|  |TAMS 0x000000008dc00000| PB 0x000000008dc00000| Untracked 
|  27|0x000000008dd00000, 0x000000008dd00000, 0x000000008de00000|  0%| F|  |TAMS 0x000000008dd00000| PB 0x000000008dd00000| Untracked 
|  28|0x000000008de00000, 0x000000008de00000, 0x000000008df00000|  0%| F|  |TAMS 0x000000008de00000| PB 0x000000008de00000| Untracked 
|  29|0x000000008df00000, 0x000000008df00000, 0x000000008e000000|  0%| F|  |TAMS 0x000000008df00000| PB 0x000000008df00000| Untracked 
|  30|0x000000008e000000, 0x000000008e000000, 0x000000008e100000|  0%| F|  |TAMS 0x000000008e000000| PB 0x000000008e000000| Untracked 
|  31|0x000000008e100000, 0x000000008e100000, 0x000000008e200000|  0%| F|  |TAMS 0x000000008e100000| PB 0x000000008e100000| Untracked 
|  32|0x000000008e200000, 0x000000008e200000, 0x000000008e300000|  0%| F|  |TAMS 0x000000008e200000| PB 0x000000008e200000| Untracked 
|  33|0x000000008e300000, 0x000000008e300000, 0x000000008e400000|  0%| F|  |TAMS 0x000000008e300000| PB 0x000000008e300000| Untracked 
|  34|0x000000008e400000, 0x000000008e400000, 0x000000008e500000|  0%| F|  |TAMS 0x000000008e400000| PB 0x000000008e400000| Untracked 
|  35|0x000000008e500000, 0x000000008e500000, 0x000000008e600000|  0%| F|  |TAMS 0x000000008e500000| PB 0x000000008e500000| Untracked 
|  36|0x000000008e600000, 0x000000008e600000, 0x000000008e700000|  0%| F|  |TAMS 0x000000008e600000| PB 0x000000008e600000| Untracked 
|  37|0x000000008e700000, 0x000000008e700000, 0x000000008e800000|  0%| F|  |TAMS 0x000000008e700000| PB 0x000000008e700000| Untracked 
|  38|0x000000008e800000, 0x000000008e800000, 0x000000008e900000|  0%| F|  |TAMS 0x000000008e800000| PB 0x000000008e800000| Untracked 
|  39|0x000000008e900000, 0x000000008e900000, 0x000000008ea00000|  0%| F|  |TAMS 0x000000008e900000| PB 0x000000008e900000| Untracked 
|  40|0x000000008ea00000, 0x000000008ea00000, 0x000000008eb00000|  0%| F|  |TAMS 0x000000008ea00000| PB 0x000000008ea00000| Untracked 
|  41|0x000000008eb00000, 0x000000008eb00000, 0x000000008ec00000|  0%| F|  |TAMS 0x000000008eb00000| PB 0x000000008eb00000| Untracked 
|  42|0x000000008ec00000, 0x000000008ec00000, 0x000000008ed00000|  0%| F|  |TAMS 0x000000008ec00000| PB 0x000000008ec00000| Untracked 
|  43|0x000000008ed00000, 0x000000008ed00000, 0x000000008ee00000|  0%| F|  |TAMS 0x000000008ed00000| PB 0x000000008ed00000| Untracked 
|  44|0x000000008ee00000, 0x000000008ee00000, 0x000000008ef00000|  0%| F|  |TAMS 0x000000008ee00000| PB 0x000000008ee00000| Untracked 
|  45|0x000000008ef00000, 0x000000008ef00000, 0x000000008f000000|  0%| F|  |TAMS 0x000000008ef00000| PB 0x000000008ef00000| Untracked 
|  46|0x000000008f000000, 0x000000008f000000, 0x000000008f100000|  0%| F|  |TAMS 0x000000008f000000| PB 0x000000008f000000| Untracked 
|  47|0x000000008f100000, 0x000000008f100000, 0x000000008f200000|  0%| F|  |TAMS 0x000000008f100000| PB 0x000000008f100000| Untracked 
|  48|0x000000008f200000, 0x000000008f200000, 0x000000008f300000|  0%| F|  |TAMS 0x000000008f200000| PB 0x000000008f200000| Untracked 
|  49|0x000000008f300000, 0x000000008f300000, 0x000000008f400000|  0%| F|  |TAMS 0x000000008f300000| PB 0x000000008f300000| Untracked 
|  50|0x000000008f400000, 0x000000008f400000, 0x000000008f500000|  0%| F|  |TAMS 0x000000008f400000| PB 0x000000008f400000| Untracked 
|  51|0x000000008f500000, 0x000000008f500000, 0x000000008f600000|  0%| F|  |TAMS 0x000000008f500000| PB 0x000000008f500000| Untracked 
|  52|0x000000008f600000, 0x000000008f600000, 0x000000008f700000|  0%| F|  |TAMS 0x000000008f600000| PB 0x000000008f600000| Untracked 
|  53|0x000000008f700000, 0x000000008f700000, 0x000000008f800000|  0%| F|  |TAMS 0x000000008f700000| PB 0x000000008f700000| Untracked 
|  54|0x000000008f800000, 0x000000008f800000, 0x000000008f900000|  0%| F|  |TAMS 0x000000008f800000| PB 0x000000008f800000| Untracked 
|  55|0x000000008f900000, 0x000000008f900000, 0x000000008fa00000|  0%| F|  |TAMS 0x000000008f900000| PB 0x000000008f900000| Untracked 
|  56|0x000000008fa00000, 0x000000008fa00000, 0x000000008fb00000|  0%| F|  |TAMS 0x000000008fa00000| PB 0x000000008fa00000| Untracked 
|  57|0x000000008fb00000, 0x000000008fb00000, 0x000000008fc00000|  0%| F|  |TAMS 0x000000008fb00000| PB 0x000000008fb00000| Untracked 
|  58|0x000000008fc00000, 0x000000008fc00000, 0x000000008fd00000|  0%| F|  |TAMS 0x000000008fc00000| PB 0x000000008fc00000| Untracked 
|  59|0x000000008fd00000, 0x000000008fd00000, 0x000000008fe00000|  0%| F|  |TAMS 0x000000008fd00000| PB 0x000000008fd00000| Untracked 
|  60|0x000000008fe00000, 0x000000008fe00000, 0x000000008ff00000|  0%| F|  |TAMS 0x000000008fe00000| PB 0x000000008fe00000| Untracked 
|  61|0x000000008ff00000, 0x000000008ff00000, 0x0000000090000000|  0%| F|  |TAMS 0x000000008ff00000| PB 0x000000008ff00000| Untracked 
|  62|0x0000000090000000, 0x0000000090000000, 0x0000000090100000|  0%| F|  |TAMS 0x0000000090000000| PB 0x0000000090000000| Untracked 
|  63|0x0000000090100000, 0x0000000090100000, 0x0000000090200000|  0%| F|  |TAMS 0x0000000090100000| PB 0x0000000090100000| Untracked 
|  64|0x0000000090200000, 0x0000000090200000, 0x0000000090300000|  0%| F|  |TAMS 0x0000000090200000| PB 0x0000000090200000| Untracked 
|  65|0x0000000090300000, 0x0000000090300000, 0x0000000090400000|  0%| F|  |TAMS 0x0000000090300000| PB 0x0000000090300000| Untracked 
|  66|0x0000000090400000, 0x0000000090400000, 0x0000000090500000|  0%| F|  |TAMS 0x0000000090400000| PB 0x0000000090400000| Untracked 
|  67|0x0000000090500000, 0x0000000090500000, 0x0000000090600000|  0%| F|  |TAMS 0x0000000090500000| PB 0x0000000090500000| Untracked 
|  68|0x0000000090600000, 0x0000000090600000, 0x0000000090700000|  0%| F|  |TAMS 0x0000000090600000| PB 0x0000000090600000| Untracked 
|  69|0x0000000090700000, 0x0000000090700000, 0x0000000090800000|  0%| F|  |TAMS 0x0000000090700000| PB 0x0000000090700000| Untracked 
|  70|0x0000000090800000, 0x0000000090800000, 0x0000000090900000|  0%| F|  |TAMS 0x0000000090800000| PB 0x0000000090800000| Untracked 
|  71|0x0000000090900000, 0x0000000090900000, 0x0000000090a00000|  0%| F|  |TAMS 0x0000000090900000| PB 0x0000000090900000| Untracked 
|  72|0x0000000090a00000, 0x0000000090a00000, 0x0000000090b00000|  0%| F|  |TAMS 0x0000000090a00000| PB 0x0000000090a00000| Untracked 
|  73|0x0000000090b00000, 0x0000000090b00000, 0x0000000090c00000|  0%| F|  |TAMS 0x0000000090b00000| PB 0x0000000090b00000| Untracked 
|  74|0x0000000090c00000, 0x0000000090c00000, 0x0000000090d00000|  0%| F|  |TAMS 0x0000000090c00000| PB 0x0000000090c00000| Untracked 
|  75|0x0000000090d00000, 0x0000000090d00000, 0x0000000090e00000|  0%| F|  |TAMS 0x0000000090d00000| PB 0x0000000090d00000| Untracked 
|  76|0x0000000090e00000, 0x0000000090e00000, 0x0000000090f00000|  0%| F|  |TAMS 0x0000000090e00000| PB 0x0000000090e00000| Untracked 
|  77|0x0000000090f00000, 0x0000000090f00000, 0x0000000091000000|  0%| F|  |TAMS 0x0000000090f00000| PB 0x0000000090f00000| Untracked 
|  78|0x0000000091000000, 0x0000000091000000, 0x0000000091100000|  0%| F|  |TAMS 0x0000000091000000| PB 0x0000000091000000| Untracked 
|  79|0x0000000091100000, 0x0000000091100000, 0x0000000091200000|  0%| F|  |TAMS 0x0000000091100000| PB 0x0000000091100000| Untracked 
|  80|0x0000000091200000, 0x0000000091200000, 0x0000000091300000|  0%| F|  |TAMS 0x0000000091200000| PB 0x0000000091200000| Untracked 
|  81|0x0000000091300000, 0x0000000091300000, 0x0000000091400000|  0%| F|  |TAMS 0x0000000091300000| PB 0x0000000091300000| Untracked 
|  82|0x0000000091400000, 0x0000000091400000, 0x0000000091500000|  0%| F|  |TAMS 0x0000000091400000| PB 0x0000000091400000| Untracked 
|  83|0x0000000091500000, 0x0000000091500000, 0x0000000091600000|  0%| F|  |TAMS 0x0000000091500000| PB 0x0000000091500000| Untracked 
|  84|0x0000000091600000, 0x0000000091600000, 0x0000000091700000|  0%| F|  |TAMS 0x0000000091600000| PB 0x0000000091600000| Untracked 
|  85|0x0000000091700000, 0x0000000091700000, 0x0000000091800000|  0%| F|  |TAMS 0x0000000091700000| PB 0x0000000091700000| Untracked 
|  86|0x0000000091800000, 0x0000000091800000, 0x0000000091900000|  0%| F|  |TAMS 0x0000000091800000| PB 0x0000000091800000| Untracked 
|  87|0x0000000091900000, 0x0000000091900000, 0x0000000091a00000|  0%| F|  |TAMS 0x0000000091900000| PB 0x0000000091900000| Untracked 
|  88|0x0000000091a00000, 0x0000000091a00000, 0x0000000091b00000|  0%| F|  |TAMS 0x0000000091a00000| PB 0x0000000091a00000| Untracked 
|  89|0x0000000091b00000, 0x0000000091b00000, 0x0000000091c00000|  0%| F|  |TAMS 0x0000000091b00000| PB 0x0000000091b00000| Untracked 
|  90|0x0000000091c00000, 0x0000000091d00000, 0x0000000091d00000|100%| S|CS|TAMS 0x0000000091c00000| PB 0x0000000091c00000| Complete 
|  91|0x0000000091d00000, 0x0000000091e00000, 0x0000000091e00000|100%| S|CS|TAMS 0x0000000091d00000| PB 0x0000000091d00000| Complete 
|  92|0x0000000091e00000, 0x0000000091f00000, 0x0000000091f00000|100%| S|CS|TAMS 0x0000000091e00000| PB 0x0000000091e00000| Complete 
|  93|0x0000000091f00000, 0x0000000091f00000, 0x0000000092000000|  0%| F|  |TAMS 0x0000000091f00000| PB 0x0000000091f00000| Untracked 
|  94|0x0000000092000000, 0x0000000092000000, 0x0000000092100000|  0%| F|  |TAMS 0x0000000092000000| PB 0x0000000092000000| Untracked 
|  95|0x0000000092100000, 0x0000000092100000, 0x0000000092200000|  0%| F|  |TAMS 0x0000000092100000| PB 0x0000000092100000| Untracked 
|  96|0x0000000092200000, 0x0000000092200000, 0x0000000092300000|  0%| F|  |TAMS 0x0000000092200000| PB 0x0000000092200000| Untracked 
|  97|0x0000000092300000, 0x0000000092300000, 0x0000000092400000|  0%| F|  |TAMS 0x0000000092300000| PB 0x0000000092300000| Untracked 
|  98|0x0000000092400000, 0x0000000092400000, 0x0000000092500000|  0%| F|  |TAMS 0x0000000092400000| PB 0x0000000092400000| Untracked 
|  99|0x0000000092500000, 0x0000000092500000, 0x0000000092600000|  0%| F|  |TAMS 0x0000000092500000| PB 0x0000000092500000| Untracked 
| 100|0x0000000092600000, 0x0000000092600000, 0x0000000092700000|  0%| F|  |TAMS 0x0000000092600000| PB 0x0000000092600000| Untracked 
| 101|0x0000000092700000, 0x0000000092700000, 0x0000000092800000|  0%| F|  |TAMS 0x0000000092700000| PB 0x0000000092700000| Untracked 
| 102|0x0000000092800000, 0x0000000092900000, 0x0000000092900000|100%| E|  |TAMS 0x0000000092800000| PB 0x0000000092800000| Complete 
| 103|0x0000000092900000, 0x0000000092a00000, 0x0000000092a00000|100%| E|CS|TAMS 0x0000000092900000| PB 0x0000000092900000| Complete 
| 104|0x0000000092a00000, 0x0000000092b00000, 0x0000000092b00000|100%| E|CS|TAMS 0x0000000092a00000| PB 0x0000000092a00000| Complete 
| 105|0x0000000092b00000, 0x0000000092c00000, 0x0000000092c00000|100%| E|CS|TAMS 0x0000000092b00000| PB 0x0000000092b00000| Complete 
| 106|0x0000000092c00000, 0x0000000092d00000, 0x0000000092d00000|100%| E|CS|TAMS 0x0000000092c00000| PB 0x0000000092c00000| Complete 
| 107|0x0000000092d00000, 0x0000000092e00000, 0x0000000092e00000|100%| E|CS|TAMS 0x0000000092d00000| PB 0x0000000092d00000| Complete 
| 108|0x0000000092e00000, 0x0000000092f00000, 0x0000000092f00000|100%| E|CS|TAMS 0x0000000092e00000| PB 0x0000000092e00000| Complete 
| 109|0x0000000092f00000, 0x0000000093000000, 0x0000000093000000|100%| E|CS|TAMS 0x0000000092f00000| PB 0x0000000092f00000| Complete 
| 110|0x0000000093000000, 0x0000000093100000, 0x0000000093100000|100%| E|CS|TAMS 0x0000000093000000| PB 0x0000000093000000| Complete 
| 111|0x0000000093100000, 0x0000000093200000, 0x0000000093200000|100%| E|  |TAMS 0x0000000093100000| PB 0x0000000093100000| Complete 
| 112|0x0000000093200000, 0x0000000093300000, 0x0000000093300000|100%| E|CS|TAMS 0x0000000093200000| PB 0x0000000093200000| Complete 
| 113|0x0000000093300000, 0x0000000093400000, 0x0000000093400000|100%| E|CS|TAMS 0x0000000093300000| PB 0x0000000093300000| Complete 
| 114|0x0000000093400000, 0x0000000093500000, 0x0000000093500000|100%| E|CS|TAMS 0x0000000093400000| PB 0x0000000093400000| Complete 
| 115|0x0000000093500000, 0x0000000093600000, 0x0000000093600000|100%| E|CS|TAMS 0x0000000093500000| PB 0x0000000093500000| Complete 

Card table byte_map: [0x000002846e4a0000,0x000002846e840000] _byte_map_base: 0x000002846e03f000

Marking Bits: (CMBitMap*) 0x000002845b315d00
 Bits: [0x000002846e840000, 0x0000028470538000)

Polling page: 0x0000028459220000

Metaspace:

Usage:
  Non-class:     10.58 MB used.
      Class:      1.42 MB used.
       Both:     12.00 MB used.

Virtual space:
  Non-class space:       64.00 MB reserved,      10.75 MB ( 17%) committed,  1 nodes.
      Class space:        1.00 GB reserved,       1.56 MB ( <1%) committed,  1 nodes.
             Both:        1.06 GB reserved,      12.31 MB (  1%) committed. 

Chunk freelists:
   Non-Class:  5.28 MB
       Class:  14.38 MB
        Both:  19.66 MB

MaxMetaspaceSize: unlimited
CompressedClassSpaceSize: 1.00 GB
Initial GC threshold: 21.00 MB
Current GC threshold: 21.00 MB
CDS: on
 - commit_granule_bytes: 65536.
 - commit_granule_words: 8192.
 - virtual_space_node_default_size: 8388608.
 - enlarge_chunks_in_place: 1.
 - use_allocation_guard: 0.


Internal statistics:

num_allocs_failed_limit: 0.
num_arena_births: 336.
num_arena_deaths: 0.
num_vsnodes_births: 2.
num_vsnodes_deaths: 0.
num_space_committed: 197.
num_space_uncommitted: 0.
num_chunks_returned_to_freelist: 0.
num_chunks_taken_from_freelist: 624.
num_chunk_merges: 0.
num_chunk_splits: 368.
num_chunks_enlarged: 198.
num_inconsistent_stats: 0.

CodeHeap 'non-profiled nmethods': size=120000Kb used=574Kb max_used=574Kb free=119425Kb
 bounds [0x00000284668a0000, 0x0000028466b10000, 0x000002846ddd0000]
CodeHeap 'profiled nmethods': size=120000Kb used=3556Kb max_used=3556Kb free=116443Kb
 bounds [0x000002845edd0000, 0x000002845f150000, 0x0000028466300000]
CodeHeap 'non-nmethods': size=5760Kb used=1457Kb max_used=1462Kb free=4302Kb
 bounds [0x0000028466300000, 0x0000028466570000, 0x00000284668a0000]
 total_blobs=2453 nmethods=1911 adapters=446
 compilation: enabled
              stopped_count=0, restarted_count=0
 full_count=0

Compilation events (20 events):
Event: 4.777 Thread 0x0000028472f6f1e0 1908       3       java.util.stream.AbstractPipeline::evaluate (94 bytes)
Event: 4.777 Thread 0x0000028472f6f1e0 nmethod 1908 0x000002845f145d90 code [0x000002845f145fc0, 0x000002845f146660]
Event: 4.778 Thread 0x0000028472f6f1e0 1909       3       java.util.Collections$UnmodifiableMap::get (11 bytes)
Event: 4.778 Thread 0x0000028472f6f1e0 nmethod 1909 0x000002845f146890 code [0x000002845f146a40, 0x000002845f146c18]
Event: 4.778 Thread 0x0000028472f6f1e0 1910       3       java.util.TreeMap::successor (66 bytes)
Event: 4.779 Thread 0x0000028472f6f1e0 nmethod 1910 0x000002845f146d10 code [0x000002845f146ee0, 0x000002845f147210]
Event: 4.779 Thread 0x0000028472f6f1e0 1911       3       org.openqa.selenium.SharedCapabilitiesMethods$$Lambda/0x000002840119c688::compare (12 bytes)
Event: 4.779 Thread 0x0000028472f6f1e0 nmethod 1911 0x000002845f147390 code [0x000002845f147560, 0x000002845f147890]
Event: 4.786 Thread 0x0000028472f6f1e0 1912       3       java.util.concurrent.locks.ReentrantLock::<init> (16 bytes)
Event: 4.786 Thread 0x0000028472f6f1e0 nmethod 1912 0x000002845f147990 code [0x000002845f147b60, 0x000002845f147f58]
Event: 4.786 Thread 0x0000028472f6f1e0 1913       3       java.util.concurrent.locks.ReentrantLock$NonfairSync::<init> (5 bytes)
Event: 4.787 Thread 0x0000028472f6f1e0 nmethod 1913 0x000002845f148110 code [0x000002845f1482c0, 0x000002845f148540]
Event: 4.787 Thread 0x0000028472f6f1e0 1914       1       java.util.TreeMap::size (5 bytes)
Event: 4.787 Thread 0x0000028472f6f1e0 nmethod 1914 0x000002846692f810 code [0x000002846692f9a0, 0x000002846692fa68]
Event: 4.787 Thread 0x0000028472f6f1e0 1915       3       java.util.TreeMap$PrivateEntryIterator::hasNext (13 bytes)
Event: 4.788 Thread 0x0000028472f6f1e0 nmethod 1915 0x000002845f148690 code [0x000002845f148820, 0x000002845f148980]
Event: 4.788 Thread 0x0000028472f6f1e0 1916       3       jdk.internal.misc.Unsafe::weakCompareAndSetLong (11 bytes)
Event: 4.788 Thread 0x0000028472f6f1e0 nmethod 1916 0x000002845f148a10 code [0x000002845f148ba0, 0x000002845f148cc8]
Event: 4.789 Thread 0x0000028472f6f1e0 1917       3       java.util.concurrent.atomic.AtomicLong::incrementAndGet (14 bytes)
Event: 4.789 Thread 0x0000028472f6f1e0 nmethod 1917 0x000002845f148d90 code [0x000002845f148f20, 0x000002845f149048]

GC Heap History (2 events):
Event: 2.248 GC heap before
{Heap before GC invocations=0 (full 0):
 garbage-first heap   total 118784K, used 24576K [0x000000008c200000, 0x0000000100000000)
  region size 1024K, 23 young (23552K), 0 survivors (0K)
 Metaspace       used 8167K, committed 8384K, reserved 1114112K
  class space    used 908K, committed 1024K, reserved 1048576K
}
Event: 2.262 GC heap after
{Heap after GC invocations=1 (full 0):
 garbage-first heap   total 118784K, used 6272K [0x000000008c200000, 0x0000000100000000)
  region size 1024K, 3 young (3072K), 3 survivors (3072K)
 Metaspace       used 8167K, committed 8384K, reserved 1114112K
  class space    used 908K, committed 1024K, reserved 1048576K
}

Dll operation events (8 events):
Event: 0.019 Loaded shared library C:\Users\kirub\eclipse-java-2024-12-R-win32-x86_64\eclipse\plugins\org.eclipse.justj.openjdk.hotspot.jre.full.win32.x86_64_21.0.5.v20241023-1957\jre\bin\java.dll
Event: 0.087 Loaded shared library C:\Users\kirub\eclipse-java-2024-12-R-win32-x86_64\eclipse\plugins\org.eclipse.justj.openjdk.hotspot.jre.full.win32.x86_64_21.0.5.v20241023-1957\jre\bin\zip.dll
Event: 0.225 Loaded shared library C:\Users\kirub\eclipse-java-2024-12-R-win32-x86_64\eclipse\plugins\org.eclipse.justj.openjdk.hotspot.jre.full.win32.x86_64_21.0.5.v20241023-1957\jre\bin\net.dll
Event: 0.229 Loaded shared library C:\Users\kirub\eclipse-java-2024-12-R-win32-x86_64\eclipse\plugins\org.eclipse.justj.openjdk.hotspot.jre.full.win32.x86_64_21.0.5.v20241023-1957\jre\bin\nio.dll
Event: 0.236 Loaded shared library C:\Users\kirub\eclipse-java-2024-12-R-win32-x86_64\eclipse\plugins\org.eclipse.justj.openjdk.hotspot.jre.full.win32.x86_64_21.0.5.v20241023-1957\jre\bin\zip.dll
Event: 0.391 Loaded shared library C:\Users\kirub\eclipse-java-2024-12-R-win32-x86_64\eclipse\plugins\org.eclipse.justj.openjdk.hotspot.jre.full.win32.x86_64_21.0.5.v20241023-1957\jre\bin\jimage.dll
Event: 0.509 Loaded shared library C:\Users\kirub\eclipse-java-2024-12-R-win32-x86_64\eclipse\plugins\org.eclipse.justj.openjdk.hotspot.jre.full.win32.x86_64_21.0.5.v20241023-1957\jre\bin\extnet.dll
Event: 1.794 Loaded shared library C:\Users\kirub\eclipse-java-2024-12-R-win32-x86_64\eclipse\plugins\org.eclipse.justj.openjdk.hotspot.jre.full.win32.x86_64_21.0.5.v20241023-1957\jre\bin\sunmscapi.dll

Deoptimization events (20 events):
Event: 3.047 Thread 0x00000284777cd8f0 Uncommon trap: trap_request=0xffffffde fr.pc=0x0000028466922544 relative=0x0000000000000124
Event: 3.047 Thread 0x00000284777cd8f0 Uncommon trap: reason=class_check action=maybe_recompile pc=0x0000028466922544 method=jdk.internal.misc.Unsafe.allocateUninitializedArray(Ljava/lang/Class;I)Ljava/lang/Object; @ 51 c2
Event: 3.047 Thread 0x00000284777cd8f0 DEOPT PACKING pc=0x0000028466922544 sp=0x000000ede1efcdf0
Event: 3.047 Thread 0x00000284777cd8f0 DEOPT UNPACKING pc=0x00000284663546a2 sp=0x000000ede1efcd68 mode 2
Event: 3.047 Thread 0x00000284777cd8f0 Uncommon trap: trap_request=0xffffffde fr.pc=0x0000028466922544 relative=0x0000000000000124
Event: 3.047 Thread 0x00000284777cd8f0 Uncommon trap: reason=class_check action=maybe_recompile pc=0x0000028466922544 method=jdk.internal.misc.Unsafe.allocateUninitializedArray(Ljava/lang/Class;I)Ljava/lang/Object; @ 51 c2
Event: 3.047 Thread 0x00000284777cd8f0 DEOPT PACKING pc=0x0000028466922544 sp=0x000000ede1efcd90
Event: 3.047 Thread 0x00000284777cd8f0 DEOPT UNPACKING pc=0x00000284663546a2 sp=0x000000ede1efcd08 mode 2
Event: 4.329 Thread 0x00000284590f5250 Uncommon trap: trap_request=0xffffffde fr.pc=0x00000284668f8360 relative=0x0000000000000620
Event: 4.329 Thread 0x00000284590f5250 Uncommon trap: reason=class_check action=maybe_recompile pc=0x00000284668f8360 method=java.util.HashMap.putVal(ILjava/lang/Object;Ljava/lang/Object;ZZ)Ljava/lang/Object; @ 253 c2
Event: 4.329 Thread 0x00000284590f5250 DEOPT PACKING pc=0x00000284668f8360 sp=0x000000eddfbfe130
Event: 4.329 Thread 0x00000284590f5250 DEOPT UNPACKING pc=0x00000284663546a2 sp=0x000000eddfbfe0d0 mode 2
Event: 4.508 Thread 0x00000284590f5250 DEOPT PACKING pc=0x000002845ee18179 sp=0x000000eddfbfa720
Event: 4.508 Thread 0x00000284590f5250 DEOPT UNPACKING pc=0x0000028466354e42 sp=0x000000eddfbf9b90 mode 0
Event: 4.652 Thread 0x00000284590f5250 DEOPT PACKING pc=0x000002845ee04343 sp=0x000000eddfbf9760
Event: 4.652 Thread 0x00000284590f5250 DEOPT UNPACKING pc=0x0000028466354e42 sp=0x000000eddfbf8bd8 mode 0
Event: 4.742 Thread 0x00000284590f5250 Uncommon trap: trap_request=0xffffff45 fr.pc=0x00000284668edff4 relative=0x0000000000000054
Event: 4.742 Thread 0x00000284590f5250 Uncommon trap: reason=unstable_if action=reinterpret pc=0x00000284668edff4 method=java.lang.CharacterData.of(I)Ljava/lang/CharacterData; @ 4 c2
Event: 4.742 Thread 0x00000284590f5250 DEOPT PACKING pc=0x00000284668edff4 sp=0x000000eddfbfe140
Event: 4.742 Thread 0x00000284590f5250 DEOPT UNPACKING pc=0x00000284663546a2 sp=0x000000eddfbfe0e0 mode 2

Classes loaded (20 events):
Event: 4.746 Loading class java/util/ResourceBundle$CacheKeyReference done
Event: 4.746 Loading class java/util/ResourceBundle$KeyElementReference done
Event: 4.747 Loading class java/util/ResourceBundle$3
Event: 4.747 Loading class java/util/ResourceBundle$3 done
Event: 4.748 Loading class sun/util/logging/resources/logging
Event: 4.748 Loading class sun/util/logging/resources/logging done
Event: 4.749 Loading class java/util/ResourceBundle$BundleReference
Event: 4.749 Loading class java/util/ResourceBundle$BundleReference done
Event: 4.749 Loading class sun/util/logging/resources/logging_en
Event: 4.749 Loading class sun/util/logging/resources/logging_en done
Event: 4.749 Loading class sun/util/logging/resources/logging_en
Event: 4.749 Loading class sun/util/logging/resources/logging_en done
Event: 4.751 Loading class sun/util/logging/resources/logging_en_IN
Event: 4.751 Loading class sun/util/logging/resources/logging_en_IN done
Event: 4.751 Loading class sun/util/logging/resources/logging_en_IN
Event: 4.751 Loading class sun/util/logging/resources/logging_en_IN done
Event: 4.752 Loading class java/util/Formatter$DateTime
Event: 4.752 Loading class java/util/Formatter$DateTime done
Event: 4.753 Loading class java/time/ZonedDateTime$1
Event: 4.754 Loading class java/time/ZonedDateTime$1 done

Classes unloaded (0 events):
No events

Classes redefined (0 events):
No events

Internal exceptions (20 events):
Event: 1.999 Thread 0x00000284590f5250 Exception <a 'java/lang/NoSuchMethodError'{0x00000000926fb030}: 'void java.lang.invoke.DirectMethodHandle$Holder.invokeVirtual(java.lang.Object, java.lang.Object)'> (0x00000000926fb030) 
thrown [s\src\hotspot\share\interpreter\linkResolver.cpp, line 773]
Event: 2.138 Thread 0x00000284590f5250 Exception <a 'java/lang/NoSuchMethodError'{0x000000009208c1a8}: 'java.lang.Object java.lang.invoke.DirectMethodHandle$Holder.invokeStaticInit(java.lang.Object, int, int, int, int)'> (0x000000009208c1a8) 
thrown [s\src\hotspot\share\interpreter\linkResolver.cpp, line 773]
Event: 2.188 Thread 0x00000284590f5250 Exception <a 'java/lang/NoSuchMethodError'{0x0000000091f51908}: 'java.lang.Object java.lang.invoke.DirectMethodHandle$Holder.invokeStaticInit(java.lang.Object, java.lang.Object, int, int, int, int)'> (0x0000000091f51908) 
thrown [s\src\hotspot\share\interpreter\linkResolver.cpp, line 773]
Event: 2.352 Thread 0x00000284590f5250 Exception <a 'java/lang/NoSuchMethodError'{0x000000009349a270}: 'java.lang.Object java.lang.invoke.DirectMethodHandle$Holder.invokeInterface(java.lang.Object, java.lang.Object, java.lang.Object)'> (0x000000009349a270) 
thrown [s\src\hotspot\share\interpreter\linkResolver.cpp, line 773]
Event: 2.353 Thread 0x00000284590f5250 Exception <a 'java/lang/IncompatibleClassChangeError'{0x000000009349d678}: Found class java.lang.Object, but interface was expected> (0x000000009349d678) 
thrown [s\src\hotspot\share\interpreter\linkResolver.cpp, line 840]
Event: 2.355 Thread 0x00000284590f5250 Exception <a 'java/lang/NoSuchMethodError'{0x00000000934a4ca8}: 'int java.lang.invoke.DirectMethodHandle$Holder.invokeSpecialIFC(java.lang.Object, java.lang.Object, java.lang.Object, java.lang.Object)'> (0x00000000934a4ca8) 
thrown [s\src\hotspot\share\interpreter\linkResolver.cpp, line 773]
Event: 2.363 Thread 0x00000284590f5250 Exception <a 'java/lang/NoSuchMethodError'{0x00000000934c70b8}: 'java.lang.Object java.lang.invoke.DirectMethodHandle$Holder.invokeVirtual(java.lang.Object, java.lang.Object, java.lang.Object, java.lang.Object)'> (0x00000000934c70b8) 
thrown [s\src\hotspot\share\interpreter\linkResolver.cpp, line 773]
Event: 2.651 Thread 0x00000284778f4400 Exception <a 'java/net/ConnectException'{0x000000009332ecf0}: Connection refused: getsockopt> (0x000000009332ecf0) 
thrown [s\src\hotspot\share\prims\jni.cpp, line 539]
Event: 2.666 Thread 0x00000284778f4400 Exception <a 'java/net/ConnectException'{0x000000009332fdc0}: Connection refused: getsockopt> (0x000000009332fdc0) 
thrown [s\src\hotspot\share\prims\jni.cpp, line 539]
Event: 2.698 Thread 0x00000284778f4400 Exception <a 'java/net/ConnectException'{0x0000000093330c88}: Connection refused: getsockopt> (0x0000000093330c88) 
thrown [s\src\hotspot\share\prims\jni.cpp, line 539]
Event: 2.816 Thread 0x00000284590f5250 Exception <a 'java/lang/NoSuchMethodError'{0x00000000933fb5a0}: 'java.lang.Object java.lang.invoke.DirectMethodHandle$Holder.newInvokeSpecial(java.lang.Object, java.lang.Object, int, int)'> (0x00000000933fb5a0) 
thrown [s\src\hotspot\share\interpreter\linkResolver.cpp, line 773]
Event: 2.822 Thread 0x00000284590f5250 Exception <a 'java/lang/NoSuchMethodError'{0x00000000932060f0}: 'void java.lang.invoke.DirectMethodHandle$Holder.invokeStatic(java.lang.Object, java.lang.Object, int)'> (0x00000000932060f0) 
thrown [s\src\hotspot\share\interpreter\linkResolver.cpp, line 773]
Event: 2.852 Thread 0x00000284590f5250 Exception <a 'java/lang/NoSuchMethodError'{0x0000000093280a30}: 'java.lang.Object java.lang.invoke.DirectMethodHandle$Holder.newInvokeSpecial(java.lang.Object, java.lang.Object, java.lang.Object, java.lang.Object, java.lang.Object)'> (0x0000000093280a30) 
thrown [s\src\hotspot\share\interpreter\linkResolver.cpp, line 773]
Event: 2.955 Thread 0x00000284778dc150 Exception <a 'java/lang/NoSuchMethodError'{0x00000000930d49f8}: 'java.lang.Object java.lang.invoke.DirectMethodHandle$Holder.invokeSpecial(java.lang.Object, java.lang.Object, java.lang.Object, java.lang.Object, int)'> (0x00000000930d49f8) 
thrown [s\src\hotspot\share\interpreter\linkResolver.cpp, line 773]
Event: 2.955 Thread 0x00000284778dc150 Exception <a 'java/lang/NoSuchMethodError'{0x00000000930d8360}: 'java.lang.Object java.lang.invoke.Invokers$Holder.linkToTargetMethod(java.lang.Object, java.lang.Object, int, java.lang.Object)'> (0x00000000930d8360) 
thrown [s\src\hotspot\share\interpreter\linkResolver.cpp, line 773]
Event: 2.973 Thread 0x00000284778dc150 Exception <a 'java/lang/NoSuchMethodError'{0x0000000092f4bbf0}: 'void java.lang.invoke.DirectMethodHandle$Holder.invokeSpecial(java.lang.Object, java.lang.Object, java.lang.Object)'> (0x0000000092f4bbf0) 
thrown [s\src\hotspot\share\interpreter\linkResolver.cpp, line 773]
Event: 3.001 Thread 0x00000284778dc150 Exception <a 'java/lang/NoSuchMethodError'{0x0000000092ff2038}: 'void java.lang.invoke.DirectMethodHandle$Holder.invokeSpecial(java.lang.Object, java.lang.Object, java.lang.Object, java.lang.Object, java.lang.Object)'> (0x0000000092ff2038) 
thrown [s\src\hotspot\share\interpreter\linkResolver.cpp, line 773]
Event: 4.274 Thread 0x00000284777cd8f0 Exception <a 'java/lang/NoSuchMethodError'{0x0000000092db6948}: 'void java.lang.invoke.DirectMethodHandle$Holder.invokeSpecial(java.lang.Object, java.lang.Object, java.lang.Object, java.lang.Object, java.lang.Object, java.lang.Object, java.lang.Object)'> (0x0000000092db6948) 
thrown [s\src\hotspot\share\interpreter\linkResolver.cpp, line 773]
Event: 4.314 Thread 0x00000284590f5250 Exception <a 'java/lang/NoSuchMethodError'{0x00000000932f71b8}: 'java.lang.Object java.lang.invoke.DirectMethodHandle$Holder.invokeSpecialIFC(java.lang.Object, java.lang.Object, java.lang.Object)'> (0x00000000932f71b8) 
thrown [s\src\hotspot\share\interpreter\linkResolver.cpp, line 773]
Event: 4.747 Thread 0x00000284590f5250 Exception <a 'java/lang/ClassNotFoundException'{0x0000000092896f48}: sun/util/logging/resources/spi/loggingProvider> (0x0000000092896f48) 
thrown [s\src\hotspot\share\classfile\systemDictionary.cpp, line 312]

ZGC Phase Switch (0 events):
No events

VM Operations (20 events):
Event: 1.732 Executing VM operation: HandshakeAllThreads (Deoptimize)
Event: 1.732 Executing VM operation: HandshakeAllThreads (Deoptimize) done
Event: 1.817 Executing VM operation: HandshakeAllThreads (Deoptimize)
Event: 1.817 Executing VM operation: HandshakeAllThreads (Deoptimize) done
Event: 1.989 Executing VM operation: HandshakeAllThreads (Deoptimize)
Event: 1.989 Executing VM operation: HandshakeAllThreads (Deoptimize) done
Event: 2.247 Executing VM operation: G1CollectForAllocation (G1 Evacuation Pause)
Event: 2.262 Executing VM operation: G1CollectForAllocation (G1 Evacuation Pause) done
Event: 2.618 Executing VM operation: HandshakeAllThreads (Deoptimize)
Event: 2.618 Executing VM operation: HandshakeAllThreads (Deoptimize) done
Event: 2.755 Executing VM operation: HandshakeAllThreads (Deoptimize)
Event: 2.755 Executing VM operation: HandshakeAllThreads (Deoptimize) done
Event: 3.763 Executing VM operation: Cleanup
Event: 3.763 Executing VM operation: Cleanup done
Event: 4.236 Executing VM operation: HandshakeAllThreads (Deoptimize)
Event: 4.236 Executing VM operation: HandshakeAllThreads (Deoptimize) done
Event: 4.240 Executing VM operation: HandshakeAllThreads (Deoptimize)
Event: 4.240 Executing VM operation: HandshakeAllThreads (Deoptimize) done
Event: 4.741 Executing VM operation: HandshakeAllThreads (Deoptimize)
Event: 4.741 Executing VM operation: HandshakeAllThreads (Deoptimize) done

Memory protections (0 events):
No events

Nmethod flushes (0 events):
No events

Events (20 events):
Event: 1.580 Thread 0x00000284774552d0 Thread exited: 0x00000284774552d0
Event: 1.581 Thread 0x00000284590f5250 Thread added: 0x00000284774552d0
Event: 1.905 Thread 0x0000028472f6f1e0 Thread added: 0x000002847772e770
Event: 2.309 Thread 0x00000284590f5250 Thread added: 0x0000028477984c20
Event: 2.339 Thread 0x000002847772e770 Thread exited: 0x000002847772e770
Event: 2.615 Thread 0x00000284590f5250 Thread added: 0x000002847772e770
Event: 2.619 Thread 0x00000284590f5250 Thread added: 0x0000028477cfe890
Event: 2.620 Thread 0x00000284590f5250 Thread added: 0x00000284778f3da0
Event: 2.630 Thread 0x0000028477cfe890 Thread added: 0x00000284778f4400
Event: 2.754 Thread 0x00000284778f4400 Thread added: 0x0000028477a591d0
Event: 2.880 Thread 0x00000284590f5250 Thread added: 0x00000284778dc150
Event: 2.886 Thread 0x00000284590f5250 Thread added: 0x00000284777cd260
Event: 3.026 Thread 0x0000028477984c20 Thread added: 0x00000284777cd8f0
Event: 3.029 Thread 0x0000028477984c20 Thread added: 0x00000284777ce610
Event: 3.030 Thread 0x0000028477984c20 Thread added: 0x00000284777cdf80
Event: 4.427 Thread 0x00000284590f5250 Thread added: 0x00000284783bacf0
Event: 4.428 Thread 0x00000284590f5250 Thread added: 0x00000284783b9fd0
Event: 4.486 Thread 0x00000284783bacf0 Thread added: 0x00000284783b6b50
Event: 4.487 Thread 0x00000284783bacf0 Thread added: 0x00000284783ba660
Event: 4.487 Thread 0x00000284783bacf0 Thread added: 0x00000284783b8c20


Dynamic libraries:
0x00007ff6ac240000 - 0x00007ff6ac24e000 	C:\Users\kirub\eclipse-java-2024-12-R-win32-x86_64\eclipse\plugins\org.eclipse.justj.openjdk.hotspot.jre.full.win32.x86_64_21.0.5.v20241023-1957\jre\bin\javaw.exe
0x00007ffd4d530000 - 0x00007ffd4d747000 	C:\Windows\SYSTEM32\ntdll.dll
0x00007ffd4bfe0000 - 0x00007ffd4c0a4000 	C:\Windows\System32\KERNEL32.DLL
0x00007ffd4aa60000 - 0x00007ffd4ae31000 	C:\Windows\System32\KERNELBASE.dll
0x00007ffd4a7d0000 - 0x00007ffd4a8e1000 	C:\Windows\System32\ucrtbase.dll
0x00007ffd3f080000 - 0x00007ffd3f09e000 	C:\Users\kirub\eclipse-java-2024-12-R-win32-x86_64\eclipse\plugins\org.eclipse.justj.openjdk.hotspot.jre.full.win32.x86_64_21.0.5.v20241023-1957\jre\bin\VCRUNTIME140.dll
0x00007ffd45b60000 - 0x00007ffd45b78000 	C:\Users\kirub\eclipse-java-2024-12-R-win32-x86_64\eclipse\plugins\org.eclipse.justj.openjdk.hotspot.jre.full.win32.x86_64_21.0.5.v20241023-1957\jre\bin\jli.dll
0x00007ffd4cd30000 - 0x00007ffd4cee1000 	C:\Windows\System32\USER32.dll
0x00007ffd3c520000 - 0x00007ffd3c7b2000 	C:\Windows\WinSxS\amd64_microsoft.windows.common-controls_6595b64144ccf1df_6.0.22621.4830_none_270fe7d773858e80\COMCTL32.dll
0x00007ffd4af60000 - 0x00007ffd4af86000 	C:\Windows\System32\win32u.dll
0x00007ffd4b200000 - 0x00007ffd4b229000 	C:\Windows\System32\GDI32.dll
0x00007ffd4cc80000 - 0x00007ffd4cd27000 	C:\Windows\System32\msvcrt.dll
0x00007ffd4ae40000 - 0x00007ffd4af5b000 	C:\Windows\System32\gdi32full.dll
0x00007ffd4a670000 - 0x00007ffd4a70a000 	C:\Windows\System32\msvcp_win.dll
0x00007ffd4bfa0000 - 0x00007ffd4bfd1000 	C:\Windows\System32\IMM32.DLL
0x00007ffd45b50000 - 0x00007ffd45b5c000 	C:\Users\kirub\eclipse-java-2024-12-R-win32-x86_64\eclipse\plugins\org.eclipse.justj.openjdk.hotspot.jre.full.win32.x86_64_21.0.5.v20241023-1957\jre\bin\vcruntime140_1.dll
0x00007ffd05890000 - 0x00007ffd0591d000 	C:\Users\kirub\eclipse-java-2024-12-R-win32-x86_64\eclipse\plugins\org.eclipse.justj.openjdk.hotspot.jre.full.win32.x86_64_21.0.5.v20241023-1957\jre\bin\msvcp140.dll
0x00007ffca3680000 - 0x00007ffca440f000 	C:\Users\kirub\eclipse-java-2024-12-R-win32-x86_64\eclipse\plugins\org.eclipse.justj.openjdk.hotspot.jre.full.win32.x86_64_21.0.5.v20241023-1957\jre\bin\server\jvm.dll
0x00007ffd4b230000 - 0x00007ffd4b2e1000 	C:\Windows\System32\ADVAPI32.dll
0x00007ffd4c1e0000 - 0x00007ffd4c287000 	C:\Windows\System32\sechost.dll
0x00007ffd4a8f0000 - 0x00007ffd4a918000 	C:\Windows\System32\bcrypt.dll
0x00007ffd4d1c0000 - 0x00007ffd4d2d4000 	C:\Windows\System32\RPCRT4.dll
0x00007ffd4d2e0000 - 0x00007ffd4d351000 	C:\Windows\System32\WS2_32.dll
0x00007ffd4a2e0000 - 0x00007ffd4a32d000 	C:\Windows\SYSTEM32\POWRPROF.dll
0x00007ffd42150000 - 0x00007ffd4215a000 	C:\Windows\SYSTEM32\VERSION.dll
0x00007ffd46120000 - 0x00007ffd46154000 	C:\Windows\SYSTEM32\WINMM.dll
0x00007ffd4a2c0000 - 0x00007ffd4a2d3000 	C:\Windows\SYSTEM32\UMPDC.dll
0x00007ffd496a0000 - 0x00007ffd496b8000 	C:\Windows\SYSTEM32\kernel.appcore.dll
0x00007ffd47980000 - 0x00007ffd4798a000 	C:\Users\kirub\eclipse-java-2024-12-R-win32-x86_64\eclipse\plugins\org.eclipse.justj.openjdk.hotspot.jre.full.win32.x86_64_21.0.5.v20241023-1957\jre\bin\jimage.dll
0x00007ffd44a50000 - 0x00007ffd44c82000 	C:\Windows\SYSTEM32\DBGHELP.DLL
0x00007ffd4b7a0000 - 0x00007ffd4bb30000 	C:\Windows\System32\combase.dll
0x00007ffd4be50000 - 0x00007ffd4bf27000 	C:\Windows\System32\OLEAUT32.dll
0x00007ffd33b60000 - 0x00007ffd33b92000 	C:\Windows\SYSTEM32\dbgcore.DLL
0x00007ffd4b010000 - 0x00007ffd4b08b000 	C:\Windows\System32\bcryptPrimitives.dll
0x00007ffd45b10000 - 0x00007ffd45b2f000 	C:\Users\kirub\eclipse-java-2024-12-R-win32-x86_64\eclipse\plugins\org.eclipse.justj.openjdk.hotspot.jre.full.win32.x86_64_21.0.5.v20241023-1957\jre\bin\java.dll
0x00007ffd4c3f0000 - 0x00007ffd4cc78000 	C:\Windows\System32\SHELL32.dll
0x00007ffd4a920000 - 0x00007ffd4aa5f000 	C:\Windows\System32\wintypes.dll
0x00007ffd48580000 - 0x00007ffd48e8d000 	C:\Windows\SYSTEM32\windows.storage.dll
0x00007ffd4cef0000 - 0x00007ffd4cffa000 	C:\Windows\System32\SHCORE.dll
0x00007ffd4d420000 - 0x00007ffd4d47e000 	C:\Windows\System32\shlwapi.dll
0x00007ffd4a5a0000 - 0x00007ffd4a5cb000 	C:\Windows\SYSTEM32\profapi.dll
0x00007ffd40360000 - 0x00007ffd40378000 	C:\Users\kirub\eclipse-java-2024-12-R-win32-x86_64\eclipse\plugins\org.eclipse.justj.openjdk.hotspot.jre.full.win32.x86_64_21.0.5.v20241023-1957\jre\bin\zip.dll
0x00007ffd47300000 - 0x00007ffd47310000 	C:\Users\kirub\eclipse-java-2024-12-R-win32-x86_64\eclipse\plugins\org.eclipse.justj.openjdk.hotspot.jre.full.win32.x86_64_21.0.5.v20241023-1957\jre\bin\net.dll
0x00007ffd475b0000 - 0x00007ffd476dc000 	C:\Windows\SYSTEM32\WINHTTP.dll
0x00007ffd49b30000 - 0x00007ffd49b9a000 	C:\Windows\system32\mswsock.dll
0x00007ffd3f5f0000 - 0x00007ffd3f606000 	C:\Users\kirub\eclipse-java-2024-12-R-win32-x86_64\eclipse\plugins\org.eclipse.justj.openjdk.hotspot.jre.full.win32.x86_64_21.0.5.v20241023-1957\jre\bin\nio.dll
0x00007ffd40100000 - 0x00007ffd40109000 	C:\Users\kirub\eclipse-java-2024-12-R-win32-x86_64\eclipse\plugins\org.eclipse.justj.openjdk.hotspot.jre.full.win32.x86_64_21.0.5.v20241023-1957\jre\bin\extnet.dll
0x00007ffd491c0000 - 0x00007ffd492c2000 	C:\Windows\SYSTEM32\DNSAPI.dll
0x00007ffd49140000 - 0x00007ffd4916d000 	C:\Windows\SYSTEM32\IPHLPAPI.DLL
0x00007ffd4d410000 - 0x00007ffd4d419000 	C:\Windows\System32\NSI.dll
0x00007ffd46110000 - 0x00007ffd4611a000 	C:\Windows\System32\rasadhlp.dll
0x00007ffd46350000 - 0x00007ffd463d3000 	C:\Windows\System32\fwpuclnt.dll
0x00007ffd45b40000 - 0x00007ffd45b4e000 	C:\Users\kirub\eclipse-java-2024-12-R-win32-x86_64\eclipse\plugins\org.eclipse.justj.openjdk.hotspot.jre.full.win32.x86_64_21.0.5.v20241023-1957\jre\bin\sunmscapi.dll
0x00007ffd4b090000 - 0x00007ffd4b1f6000 	C:\Windows\System32\CRYPT32.dll
0x00007ffd49fb0000 - 0x00007ffd49fdd000 	C:\Windows\SYSTEM32\ncrypt.dll
0x00007ffd49f70000 - 0x00007ffd49fa7000 	C:\Windows\SYSTEM32\NTASN1.dll
0x00007ffd49d80000 - 0x00007ffd49d9b000 	C:\Windows\SYSTEM32\CRYPTSP.dll
0x00007ffd49600000 - 0x00007ffd49637000 	C:\Windows\system32\rsaenh.dll
0x00007ffd49c20000 - 0x00007ffd49c48000 	C:\Windows\SYSTEM32\USERENV.dll
0x00007ffd49f60000 - 0x00007ffd49f6c000 	C:\Windows\SYSTEM32\CRYPTBASE.dll
0x00007ffd17710000 - 0x00007ffd17718000 	C:\Windows\system32\wshunix.dll

dbghelp: loaded successfully - version: 4.0.5 - missing functions: none
symbol engine: initialized successfully - sym options: 0x614 - pdb path: .;C:\Users\kirub\eclipse-java-2024-12-R-win32-x86_64\eclipse\plugins\org.eclipse.justj.openjdk.hotspot.jre.full.win32.x86_64_21.0.5.v20241023-1957\jre\bin;C:\Windows\SYSTEM32;C:\Windows\WinSxS\amd64_microsoft.windows.common-controls_6595b64144ccf1df_6.0.22621.4830_none_270fe7d773858e80;C:\Users\kirub\eclipse-java-2024-12-R-win32-x86_64\eclipse\plugins\org.eclipse.justj.openjdk.hotspot.jre.full.win32.x86_64_21.0.5.v20241023-1957\jre\bin\server

VM Arguments:
jvm_args: -Dfile.encoding=UTF-8 -Dstdout.encoding=UTF-8 -Dstderr.encoding=UTF-8 -XX:+ShowCodeDetailsInExceptionMessages 
java_command: com.kiot.JavaScriptExecutor2
java_class_path (initial): C:\Users\kirub\git\repository12\Selenium_Jenkins\target\classes;C:\Users\kirub\.m2\repository\org\seleniumhq\selenium\selenium-java\4.27.0\selenium-java-4.27.0.jar;C:\Users\kirub\.m2\repository\org\seleniumhq\selenium\selenium-api\4.27.0\selenium-api-4.27.0.jar;C:\Users\kirub\.m2\repository\org\jspecify\jspecify\1.0.0\jspecify-1.0.0.jar;C:\Users\kirub\.m2\repository\org\seleniumhq\selenium\selenium-chrome-driver\4.27.0\selenium-chrome-driver-4.27.0.jar;C:\Users\kirub\.m2\repository\com\google\auto\service\auto-service-annotations\1.1.1\auto-service-annotations-1.1.1.jar;C:\Users\kirub\.m2\repository\org\seleniumhq\selenium\selenium-chromium-driver\4.27.0\selenium-chromium-driver-4.27.0.jar;C:\Users\kirub\.m2\repository\org\seleniumhq\selenium\selenium-json\4.27.0\selenium-json-4.27.0.jar;C:\Users\kirub\.m2\repository\org\seleniumhq\selenium\selenium-manager\4.27.0\selenium-manager-4.27.0.jar;C:\Users\kirub\.m2\repository\org\seleniumhq\selenium\selenium-devtools-v129\4.27.0\selenium-devtools-v129-4.27.0.jar;C:\Users\kirub\.m2\repository\org\seleniumhq\selenium\selenium-devtools-v130\4.27.0\selenium-devtools-v130-4.27.0.jar;C:\Users\kirub\.m2\repository\org\seleniumhq\selenium\selenium-devtools-v131\4.27.0\selenium-devtools-v131-4.27.0.jar;C:\Users\kirub\.m2\repository\org\seleniumhq\selenium\selenium-devtools-v85\4.27.0\selenium-devtools-v85-4.27.0.jar;C:\Users\kirub\.m2\repository\org\seleniumhq\selenium\selenium-edge-driver\4.27.0\selenium-edge-driver-4.27.0.jar;C:\Users\kirub\.m2\repository\org\seleniumhq\selenium\selenium-firefox-driver\4.27.0\selenium-firefox-driver-4.27.0.jar;C:\Users\kirub\.m2\repository\org\seleniumhq\selenium\selenium-http\4.27.0\selenium-http-4.27.0.jar;C:\Users\kirub\.m2\repository\dev\failsafe\failsafe\3.3.2\failsafe-3.3.2.jar;C:\Users\kirub\.m2\repository\org\seleniumhq\selenium\selenium-ie-driver\4.27.0\selenium-ie-driver-4.27.0.jar;C:\Users\kirub\.m2\repository\org\seleniumhq\selenium\selenium-remote-driver\4.27.0\selenium-remote-driver-4.27.0.jar;C:\Users\kirub\.m2\repository\com\google\guava\guava\33.3.1-jre\guava-33.3.1-jre.jar;C:\Users\kirub\.m2\repository\com\google\guava\failureaccess\1.0.2\failureaccess-1.0.2.jar;C:\Users\kirub\.m2\repository\com\google\guava\listenablefuture\9999.0-empty-to-avoid-conflict-with-guava\listenablefuture-9999.0-empty-to-avoid-conflict-with-guava.jar;C:\Users\kirub\.m2\repository\com\google\code\findbugs\jsr305\3.0.2\jsr305-3.0.2.jar;C:\Users\kirub\.m2\repository\org\checkerframework\checker-qual\3.43.0\checker-qual-3.43.0.jar;C:\Users\kirub\.m2\repository\com\google\errorprone\error_prone_annotations\2.28.0\error_prone_annotations-2.28.0.jar;C:\Users\kirub\.m2\repository\com\google\j2objc\j2objc-annotations\3.0.0\j2objc-annotations-3.0.0.jar;C:\Users\kirub\.m2\repository\io\opentelemetry\semconv\opentelemetry-semconv\1.25.0-alpha\opentelemetry-semconv-1.25.0-alpha.jar;C:\Users\kirub\.m2\repository\io\opentelemetry\opentelemetry-api\1.44.1\opentelemetry-api-1.44.1.jar;C:\Users\kirub\.m2\repository\io\opentelemetry\opentelemetry-context\1.44.1\opentelemetry-context-1.44.1.jar;C:\Users\kirub\.m2\repository\io\opentelemetry\opentelemetry-exporter-logging\1.44.1\opentelemetry-exporter-logging-1.44.1.jar;C:\Users\kirub\.m2\repository\io\opentelemetry\opentelemetry-sdk-common\1.44.1\opentelemetry-sdk-common-1.44.1.jar;C:\Users\kirub\.m2\repository\io\opentelemetry\opentelemetry-sdk-extension-autoconfigure-spi\1.44.1\opentelemetry-sdk-extension-autoconfigure-spi-1.44.1.jar;C:\Users\kirub\.m2\repository\io\opentelemetry\opentelemetry-sdk-extension-autoconfigure\1.44.1\opentelemetry-sdk-extension-autoconfigure-1.44.1.jar;C:\Users\kirub\.m2\repository\io\opentelemetry\opentelemetry-api-incubator\1.44.1-alpha\opentelemetry-api-incubator-1.44.1-alpha.jar;C:\Users\kirub\.m2\repository\io\opentelemetry\opentelemetry-sdk-trace\1.44.1\opentelemetry-sdk-trace-1.44.1.jar;C:\Users\kirub\.m2\repository\io\opentelemetry\opentelemetry-sdk\1.44.1\opentelemetry-sdk-1.44.1.jar;C:\Users\kirub\.m2\repository\io\opentelemetry\opentelemetry-sdk-metrics\1.44.1\opentelemetry-sdk-metrics-1.44.1.jar;C:\Users\kirub\.m2\repository\io\opentelemetry\opentelemetry-sdk-logs\1.44.1\opentelemetry-sdk-logs-1.44.1.jar;C:\Users\kirub\.m2\repository\net\bytebuddy\byte-buddy\1.15.10\byte-buddy-1.15.10.jar;C:\Users\kirub\.m2\repository\org\seleniumhq\selenium\selenium-os\4.27.0\selenium-os-4.27.0.jar;C:\Users\kirub\.m2\repository\org\seleniumhq\selenium\selenium-safari-driver\4.27.0\selenium-safari-driver-4.27.0.jar;C:\Users\kirub\.m2\repository\org\seleniumhq\selenium\selenium-support\4.27.0\selenium-support-4.27.0.jar;C:\Users\kirub\.m2\repository\org\codehaus\mojo\exec-maven-plugin\3.1.0\exec-maven-plugin-3.1.0.jar;C:\Users\kirub\.m2\repository\org\codehaus\plexus\plexus-utils\3.4.2\plexus-utils-3.4.2.jar;C:\Users\kirub\.m2\repository\org\apache\commons\commons-exec\1.3\commons-exec-1.3.jar
Launcher Type: SUN_STANDARD

[Global flags]
     intx CICompilerCount                          = 4                                         {product} {ergonomic}
     uint ConcGCThreads                            = 2                                         {product} {ergonomic}
     uint G1ConcRefinementThreads                  = 8                                         {product} {ergonomic}
   size_t G1HeapRegionSize                         = 1048576                                   {product} {ergonomic}
    uintx GCDrainStackTargetSize                   = 64                                        {product} {ergonomic}
   size_t InitialHeapSize                          = 121634816                                 {product} {ergonomic}
   size_t MarkStackSize                            = 4194304                                   {product} {ergonomic}
   size_t MaxHeapSize                              = 1944059904                                {product} {ergonomic}
   size_t MaxNewSize                               = 1166016512                                {product} {ergonomic}
   size_t MinHeapDeltaBytes                        = 1048576                                   {product} {ergonomic}
   size_t MinHeapSize                              = 8388608                                   {product} {ergonomic}
    uintx NonNMethodCodeHeapSize                   = 5839372                                {pd product} {ergonomic}
    uintx NonProfiledCodeHeapSize                  = 122909434                              {pd product} {ergonomic}
    uintx ProfiledCodeHeapSize                     = 122909434                              {pd product} {ergonomic}
    uintx ReservedCodeCacheSize                    = 251658240                              {pd product} {ergonomic}
     bool SegmentedCodeCache                       = true                                      {product} {ergonomic}
     bool ShowCodeDetailsInExceptionMessages       = true                                   {manageable} {command line}
   size_t SoftMaxHeapSize                          = 1944059904                             {manageable} {ergonomic}
     bool UseCompressedOops                        = true                           {product lp64_product} {ergonomic}
     bool UseG1GC                                  = true                                      {product} {ergonomic}
     bool UseLargePagesIndividualAllocation        = false                                  {pd product} {ergonomic}

Logging:
Log output configuration:
 #0: stdout all=warning uptime,level,tags foldmultilines=false
 #1: stderr all=off uptime,level,tags foldmultilines=false

Environment Variables:
JAVA_HOME=C:\Program Files\Java\jdk-23
PATH=C:/Users/kirub/eclipse-java-2024-12-R-win32-x86_64/eclipse//plugins/org.eclipse.justj.openjdk.hotspot.jre.full.win32.x86_64_21.0.5.v20241023-1957/jre/bin/server;C:/Users/kirub/eclipse-java-2024-12-R-win32-x86_64/eclipse//plugins/org.eclipse.justj.openjdk.hotspot.jre.full.win32.x86_64_21.0.5.v20241023-1957/jre/bin;C:\oraclexe\app\oracle\product\11.2.0\server\bin;C:\App\db_home\bin;C:\Program Files\Common Files\Oracle\Java\javapath;C:\Program Files (x86)\Common Files\Oracle\Java\javapath;C:\oraclexe\app\oracle\product\11.2.0\server\bin;C:\Program Files\Python311\Scripts\;C:\Program Files\Python311\;C:\Program Files\Java\jdk-23;C:\Program Files\Java\jdk-23\bin;C:\Windows\system32;C:\Windows;C:\Windows\System32\Wbem;C:\Windows\System32\WindowsPowerShell\v1.0\;C:\Windows\System32\OpenSSH\;%HADOOP_HOME%;%HADOOP_BIN%;%HADOOP_HOME%\sbin;C:\Program Files\MongoDB\mongosh-1.10.4-win32-x64\bin;C:\ProgramData\chocolatey\bin;C:\Program Files\nodejs\;C:\Program Files\Java\jdk-21\bin;C:\Program Files\Git\cmd;C:\Program Files\maven\bin;C:\Program Files\Java\jdk-23\bin;C:\Program Files\MySQL\MySQL Shell 8.0\bin\;C:\Users\kirub\AppData\Local\Programs\Microsoft VS Code\bin;C:\Users\kirub\AppData\Local\Programs\Python\Python312\;C:\Users\kirub\AppData\Local\Programs\Python\Python312\scripts\;C:\Users\kirub\AppData\Local\Microsoft\WindowsApps;C:\Users\kirub\AppData\Roaming\npm;C:\Users\kirub\eclipse-java-2024-12-R-win32-x86_64\eclipse;
USERNAME=kirub
OS=Windows_NT
PROCESSOR_IDENTIFIER=AMD64 Family 23 Model 160 Stepping 0, AuthenticAMD
TMP=C:\Users\kirub\AppData\Local\Temp
TEMP=C:\Users\kirub\AppData\Local\Temp




Periodic native trim disabled

---------------  S Y S T E M  ---------------

OS:
 Windows 11 , 64 bit Build 22621 (10.0.22621.4974)
OS uptime: 5 days 6:29 hours
Hyper-V role detected

CPU: total 8 (initial active 8) (8 cores per cpu, 2 threads per core) family 23 model 160 stepping 0 microcode 0x0, cx8, cmov, fxsr, ht, mmx, 3dnowpref, sse, sse2, sse3, ssse3, sse4a, sse4.1, sse4.2, popcnt, lzcnt, tsc, tscinvbit, avx, avx2, aes, clmul, bmi1, bmi2, adx, sha, fma, vzeroupper, clflush, clflushopt, hv, rdtscp, rdpid, f16c
Processor Information for all 8 processors :
  Max Mhz: 2801, Current Mhz: 2483, Mhz Limit: 2801

Memory: 4k page, system-wide physical 7413M (312M free)
TotalPageFile size 29941M (AvailPageFile size 0M)
current process WorkingSet (physical memory assigned to process): 109M, peak: 109M
current process commit charge ("private bytes"): 233M, peak: 235M

vm_info: OpenJDK 64-Bit Server VM (21.0.5+11-LTS) for windows-amd64 JRE (21.0.5+11-LTS), built on 2024-10-15T00:00:00Z by "admin" with MS VC++ 17.7 (VS2022)

END.
